<?xml version="1.0" encoding="UTF-8"?>
<coverage generated="1780062959621" clover="3.2.0">
  <project timestamp="1780062959621" name="All files">
    <metrics statements="187" coveredstatements="160" conditionals="252" coveredconditionals="152" methods="56" coveredmethods="49" elements="495" coveredelements="361" complexity="0" loc="187" ncloc="187" packages="1" files="5" classes="5"/>
    <file name="contextPacker.js" path="/Users/mahaoxuan/Desktop/ai-chat-standalone/src/agent/contextPacker.js">
      <metrics statements="79" coveredstatements="71" conditionals="105" coveredconditionals="68" methods="21" coveredmethods="20"/>
      <line num="1" count="3" type="stmt"/>
      <line num="2" count="3" type="stmt"/>
      <line num="3" count="3" type="stmt"/>
      <line num="6" count="27" type="cond" truecount="2" falsecount="0"/>
      <line num="7" count="26" type="stmt"/>
      <line num="11" count="2" type="cond" truecount="1" falsecount="1"/>
      <line num="12" count="2" type="cond" truecount="1" falsecount="1"/>
      <line num="16" count="3" type="cond" truecount="1" falsecount="1"/>
      <line num="20" count="21" type="stmt"/>
      <line num="21" count="21" type="cond" truecount="1" falsecount="1"/>
      <line num="23" count="21" type="stmt"/>
      <line num="33" count="2" type="cond" truecount="1" falsecount="1"/>
      <line num="35" count="2" type="stmt"/>
      <line num="43" count="3" type="cond" truecount="2" falsecount="0"/>
      <line num="44" count="2" type="stmt"/>
      <line num="48" count="3" type="cond" truecount="1" falsecount="1"/>
      <line num="49" count="3" type="stmt"/>
      <line num="55" count="3" type="stmt"/>
      <line num="59" count="3" type="cond" truecount="2" falsecount="0"/>
      <line num="60" count="2" type="stmt"/>
      <line num="69" count="3" type="cond" truecount="4" falsecount="0"/>
      <line num="71" count="1" type="stmt"/>
      <line num="73" count="2" type="cond" truecount="1" falsecount="1"/>
      <line num="74" count="2" type="stmt"/>
      <line num="75" count="2" type="cond" truecount="1" falsecount="1"/>
      <line num="76" count="2" type="cond" truecount="1" falsecount="1"/>
      <line num="80" count="1" type="cond" truecount="1" falsecount="1"/>
      <line num="84" count="3" type="cond" truecount="1" falsecount="1"/>
      <line num="86" count="3" type="stmt"/>
      <line num="87" count="1" type="cond" truecount="1" falsecount="1"/>
      <line num="89" count="1" type="cond" truecount="1" falsecount="1"/>
      <line num="90" count="1" type="stmt"/>
      <line num="95" count="1" type="stmt"/>
      <line num="100" count="3" type="cond" truecount="2" falsecount="0"/>
      <line num="101" count="1" type="cond" truecount="1" falsecount="1"/>
      <line num="102" count="1" type="cond" truecount="1" falsecount="1"/>
      <line num="104" count="0" type="stmt"/>
      <line num="106" count="0" type="cond" truecount="0" falsecount="2"/>
      <line num="107" count="0" type="cond" truecount="0" falsecount="2"/>
      <line num="108" count="0" type="cond" truecount="0" falsecount="2"/>
      <line num="115" count="3" type="stmt"/>
      <line num="116" count="3" type="cond" truecount="2" falsecount="0"/>
      <line num="118" count="2" type="stmt"/>
      <line num="119" count="2" type="cond" truecount="1" falsecount="1"/>
      <line num="120" count="3" type="stmt"/>
      <line num="122" count="3" type="stmt"/>
      <line num="123" count="12" type="stmt"/>
      <line num="124" count="12" type="cond" truecount="1" falsecount="1"/>
      <line num="125" count="12" type="stmt"/>
      <line num="129" count="2" type="stmt"/>
      <line num="133" count="12" type="cond" truecount="3" falsecount="1"/>
      <line num="134" count="0" type="stmt"/>
      <line num="137" count="12" type="cond" truecount="2" falsecount="0"/>
      <line num="138" count="10" type="stmt"/>
      <line num="146" count="2" type="stmt"/>
      <line num="147" count="2" type="stmt"/>
      <line num="148" count="2" type="stmt"/>
      <line num="150" count="2" type="cond" truecount="1" falsecount="1"/>
      <line num="151" count="0" type="stmt"/>
      <line num="154" count="2" type="stmt"/>
      <line num="155" count="2" type="cond" truecount="1" falsecount="1"/>
      <line num="156" count="0" type="stmt"/>
      <line num="159" count="2" type="cond" truecount="1" falsecount="1"/>
      <line num="160" count="0" type="stmt"/>
      <line num="163" count="2" type="stmt"/>
      <line num="172" count="12" type="stmt"/>
      <line num="176" count="3" type="cond" truecount="1" falsecount="1"/>
      <line num="177" count="3" type="cond" truecount="2" falsecount="0"/>
      <line num="178" count="3" type="cond" truecount="1" falsecount="1"/>
      <line num="179" count="3" type="stmt"/>
      <line num="188" count="3" type="stmt"/>
      <line num="189" count="21" type="cond" truecount="2" falsecount="0"/>
      <line num="190" count="9" type="stmt"/>
      <line num="196" count="12" type="stmt"/>
      <line num="197" count="12" type="stmt"/>
      <line num="208" count="3" type="stmt"/>
      <line num="209" count="3" type="stmt"/>
      <line num="210" count="12" type="stmt"/>
      <line num="212" count="3" type="stmt"/>
    </file>
    <file name="index.js" path="/Users/mahaoxuan/Desktop/ai-chat-standalone/src/agent/index.js">
      <metrics statements="0" coveredstatements="0" conditionals="0" coveredconditionals="0" methods="0" coveredmethods="0"/>
    </file>
    <file name="permissions.js" path="/Users/mahaoxuan/Desktop/ai-chat-standalone/src/agent/permissions.js">
      <metrics statements="15" coveredstatements="15" conditionals="18" coveredconditionals="14" methods="6" coveredmethods="6"/>
      <line num="1" count="3" type="stmt"/>
      <line num="7" count="3" type="stmt"/>
      <line num="16" count="3" type="stmt"/>
      <line num="23" count="17" type="cond" truecount="1" falsecount="1"/>
      <line num="27" count="11" type="stmt"/>
      <line num="28" count="11" type="cond" truecount="1" falsecount="1"/>
      <line num="29" count="11" type="cond" truecount="1" falsecount="1"/>
      <line num="30" count="11" type="stmt"/>
      <line num="34" count="17" type="cond" truecount="1" falsecount="1"/>
      <line num="35" count="17" type="cond" truecount="2" falsecount="0"/>
      <line num="39" count="6" type="cond" truecount="2" falsecount="0"/>
      <line num="40" count="3" type="stmt"/>
      <line num="42" count="3" type="stmt"/>
      <line num="46" count="1" type="stmt"/>
      <line num="48" count="2" type="stmt"/>
    </file>
    <file name="runtime.js" path="/Users/mahaoxuan/Desktop/ai-chat-standalone/src/agent/runtime.js">
      <metrics statements="49" coveredstatements="43" conditionals="48" coveredconditionals="30" methods="15" coveredmethods="15"/>
      <line num="7" count="2" type="stmt"/>
      <line num="8" count="2" type="stmt"/>
      <line num="11" count="5" type="cond" truecount="1" falsecount="1"/>
      <line num="12" count="5" type="cond" truecount="3" falsecount="1"/>
      <line num="13" count="5" type="stmt"/>
      <line num="17" count="5" type="cond" truecount="1" falsecount="1"/>
      <line num="18" count="5" type="cond" truecount="3" falsecount="1"/>
      <line num="19" count="5" type="stmt"/>
      <line num="23" count="6" type="stmt"/>
      <line num="31" count="3" type="stmt"/>
      <line num="41" count="1" type="stmt"/>
      <line num="52" count="4" type="stmt"/>
      <line num="61" count="5" type="cond" truecount="1" falsecount="1"/>
      <line num="62" count="5" type="stmt"/>
      <line num="69" count="5" type="cond" truecount="1" falsecount="1"/>
      <line num="70" count="0" type="cond" truecount="0" falsecount="4"/>
      <line num="71" count="0" type="stmt"/>
      <line num="82" count="5" type="stmt"/>
      <line num="83" count="5" type="stmt"/>
      <line num="84" count="5" type="stmt"/>
      <line num="85" count="5" type="stmt"/>
      <line num="87" count="5" type="cond" truecount="1" falsecount="1"/>
      <line num="88" count="0" type="stmt"/>
      <line num="91" count="5" type="stmt"/>
      <line num="92" count="7" type="stmt"/>
      <line num="98" count="6" type="stmt"/>
      <line num="100" count="6" type="cond" truecount="2" falsecount="0"/>
      <line num="101" count="1" type="stmt"/>
      <line num="104" count="5" type="stmt"/>
      <line num="105" count="5" type="cond" truecount="1" falsecount="1"/>
      <line num="106" count="0" type="stmt"/>
      <line num="109" count="5" type="stmt"/>
      <line num="110" count="5" type="stmt"/>
      <line num="112" count="2" type="stmt"/>
      <line num="115" count="3" type="stmt"/>
      <line num="116" count="3" type="cond" truecount="1" falsecount="1"/>
      <line num="117" count="0" type="stmt"/>
      <line num="120" count="3" type="stmt"/>
      <line num="121" count="3" type="stmt"/>
      <line num="124" count="1" type="stmt"/>
      <line num="129" count="5" type="stmt"/>
      <line num="130" count="5" type="stmt"/>
      <line num="131" count="1" type="stmt"/>
      <line num="135" count="5" type="stmt"/>
      <line num="136" count="5" type="stmt"/>
      <line num="141" count="5" type="stmt"/>
      <line num="143" count="5" type="stmt"/>
      <line num="144" count="5" type="stmt"/>
      <line num="146" count="0" type="cond" truecount="0" falsecount="2"/>
    </file>
    <file name="tools.js" path="/Users/mahaoxuan/Desktop/ai-chat-standalone/src/agent/tools.js">
      <metrics statements="44" coveredstatements="31" conditionals="81" coveredconditionals="40" methods="14" coveredmethods="8"/>
      <line num="2" count="3" type="stmt"/>
      <line num="3" count="3" type="cond" truecount="3" falsecount="1"/>
      <line num="4" count="0" type="stmt"/>
      <line num="6" count="3" type="stmt"/>
      <line num="10" count="1" type="cond" truecount="1" falsecount="1"/>
      <line num="12" count="1" type="stmt"/>
      <line num="13" count="1" type="stmt"/>
      <line num="14" count="2" type="cond" truecount="1" falsecount="1"/>
      <line num="15" count="2" type="cond" truecount="1" falsecount="1"/>
      <line num="18" count="1" type="cond" truecount="1" falsecount="1"/>
      <line num="19" count="1" type="cond" truecount="1" falsecount="1"/>
      <line num="23" count="0" type="cond" truecount="0" falsecount="2"/>
      <line num="24" count="0" type="cond" truecount="0" falsecount="2"/>
      <line num="25" count="0" type="cond" truecount="0" falsecount="2"/>
      <line num="27" count="0" type="stmt"/>
      <line num="28" count="0" type="cond" truecount="0" falsecount="4"/>
      <line num="34" count="1" type="cond" truecount="1" falsecount="1"/>
      <line num="35" count="1" type="stmt"/>
      <line num="37" count="1" type="cond" truecount="4" falsecount="1"/>
      <line num="38" count="0" type="stmt"/>
      <line num="44" count="1" type="stmt"/>
      <line num="51" count="1" type="cond" truecount="1" falsecount="2"/>
      <line num="52" count="1" type="cond" truecount="1" falsecount="3"/>
      <line num="53" count="1" type="cond" truecount="2" falsecount="0"/>
      <line num="54" count="1" type="cond" truecount="1" falsecount="1"/>
      <line num="56" count="1" type="cond" truecount="3" falsecount="1"/>
      <line num="61" count="1" type="stmt"/>
      <line num="63" count="1" type="stmt"/>
      <line num="73" count="1" type="stmt"/>
      <line num="75" count="1" type="cond" truecount="1" falsecount="1"/>
      <line num="76" count="0" type="stmt"/>
      <line num="83" count="1" type="stmt"/>
      <line num="84" count="1" type="stmt"/>
      <line num="92" count="1" type="cond" truecount="1" falsecount="2"/>
      <line num="93" count="1" type="cond" truecount="2" falsecount="1"/>
      <line num="95" count="1" type="cond" truecount="1" falsecount="1"/>
      <line num="96" count="0" type="stmt"/>
      <line num="102" count="1" type="cond" truecount="1" falsecount="1"/>
      <line num="106" count="1" type="stmt"/>
      <line num="113" count="0" type="stmt"/>
      <line num="121" count="1" type="stmt"/>
      <line num="126" count="0" type="cond" truecount="0" falsecount="1"/>
      <line num="132" count="0" type="cond" truecount="0" falsecount="1"/>
      <line num="138" count="0" type="cond" truecount="0" falsecount="1"/>
    </file>
  </project>
</coverage>
