{"/Users/mahaoxuan/Desktop/ai-chat-standalone/src/agent/contextPacker.js": {"path":"/Users/mahaoxuan/Desktop/ai-chat-standalone/src/agent/contextPacker.js","statementMap":{"0":{"start":{"line":1,"column":27},"end":{"line":1,"column":null}},"1":{"start":{"line":2,"column":35},"end":{"line":2,"column":null}},"2":{"start":{"line":3,"column":24},"end":{"line":3,"column":null}},"3":{"start":{"line":6,"column":4},"end":{"line":6,"column":null}},"4":{"start":{"line":6,"column":15},"end":{"line":6,"column":null}},"5":{"start":{"line":7,"column":4},"end":{"line":7,"column":null}},"6":{"start":{"line":11,"column":4},"end":{"line":11,"column":null}},"7":{"start":{"line":11,"column":26},"end":{"line":11,"column":null}},"8":{"start":{"line":12,"column":4},"end":{"line":12,"column":null}},"9":{"start":{"line":16,"column":4},"end":{"line":16,"column":null}},"10":{"start":{"line":20,"column":18},"end":{"line":20,"column":null}},"11":{"start":{"line":21,"column":27},"end":{"line":21,"column":null}},"12":{"start":{"line":23,"column":4},"end":{"line":29,"column":null}},"13":{"start":{"line":33,"column":27},"end":{"line":33,"column":null}},"14":{"start":{"line":35,"column":4},"end":{"line":39,"column":null}},"15":{"start":{"line":43,"column":4},"end":{"line":43,"column":null}},"16":{"start":{"line":43,"column":15},"end":{"line":43,"column":null}},"17":{"start":{"line":44,"column":4},"end":{"line":44,"column":null}},"18":{"start":{"line":48,"column":23},"end":{"line":48,"column":null}},"19":{"start":{"line":49,"column":18},"end":{"line":53,"column":null}},"20":{"start":{"line":55,"column":4},"end":{"line":55,"column":null}},"21":{"start":{"line":59,"column":4},"end":{"line":59,"column":null}},"22":{"start":{"line":59,"column":25},"end":{"line":59,"column":null}},"23":{"start":{"line":60,"column":4},"end":{"line":65,"column":null}},"24":{"start":{"line":69,"column":4},"end":{"line":69,"column":null}},"25":{"start":{"line":69,"column":75},"end":{"line":69,"column":null}},"26":{"start":{"line":71,"column":17},"end":{"line":78,"column":null}},"27":{"start":{"line":73,"column":26},"end":{"line":73,"column":null}},"28":{"start":{"line":74,"column":27},"end":{"line":74,"column":null}},"29":{"start":{"line":75,"column":25},"end":{"line":75,"column":null}},"30":{"start":{"line":76,"column":12},"end":{"line":76,"column":null}},"31":{"start":{"line":80,"column":4},"end":{"line":80,"column":null}},"32":{"start":{"line":84,"column":4},"end":{"line":84,"column":null}},"33":{"start":{"line":84,"column":37},"end":{"line":84,"column":null}},"34":{"start":{"line":86,"column":4},"end":{"line":96,"column":null}},"35":{"start":{"line":87,"column":32},"end":{"line":87,"column":76}},"36":{"start":{"line":89,"column":23},"end":{"line":89,"column":null}},"37":{"start":{"line":90,"column":25},"end":{"line":93,"column":null}},"38":{"start":{"line":95,"column":12},"end":{"line":95,"column":null}},"39":{"start":{"line":100,"column":4},"end":{"line":100,"column":null}},"40":{"start":{"line":100,"column":30},"end":{"line":100,"column":null}},"41":{"start":{"line":101,"column":4},"end":{"line":101,"column":null}},"42":{"start":{"line":101,"column":23},"end":{"line":101,"column":null}},"43":{"start":{"line":102,"column":4},"end":{"line":102,"column":null}},"44":{"start":{"line":102,"column":40},"end":{"line":102,"column":null}},"45":{"start":{"line":104,"column":4},"end":{"line":111,"column":null}},"46":{"start":{"line":106,"column":31},"end":{"line":106,"column":null}},"47":{"start":{"line":107,"column":25},"end":{"line":107,"column":null}},"48":{"start":{"line":108,"column":12},"end":{"line":108,"column":null}},"49":{"start":{"line":115,"column":17},"end":{"line":115,"column":null}},"50":{"start":{"line":116,"column":4},"end":{"line":116,"column":null}},"51":{"start":{"line":116,"column":15},"end":{"line":116,"column":null}},"52":{"start":{"line":118,"column":22},"end":{"line":118,"column":null}},"53":{"start":{"line":119,"column":23},"end":{"line":119,"column":null}},"54":{"start":{"line":120,"column":19},"end":{"line":120,"column":null}},"55":{"start":{"line":122,"column":4},"end":{"line":127,"column":null}},"56":{"start":{"line":122,"column":21},"end":{"line":122,"column":24}},"57":{"start":{"line":123,"column":25},"end":{"line":123,"column":null}},"58":{"start":{"line":124,"column":8},"end":{"line":126,"column":null}},"59":{"start":{"line":125,"column":12},"end":{"line":125,"column":null}},"60":{"start":{"line":129,"column":4},"end":{"line":129,"column":null}},"61":{"start":{"line":133,"column":4},"end":{"line":135,"column":null}},"62":{"start":{"line":134,"column":8},"end":{"line":134,"column":null}},"63":{"start":{"line":137,"column":4},"end":{"line":144,"column":null}},"64":{"start":{"line":138,"column":8},"end":{"line":143,"column":null}},"65":{"start":{"line":146,"column":24},"end":{"line":146,"column":null}},"66":{"start":{"line":147,"column":23},"end":{"line":147,"column":null}},"67":{"start":{"line":148,"column":17},"end":{"line":148,"column":null}},"68":{"start":{"line":150,"column":4},"end":{"line":152,"column":null}},"69":{"start":{"line":151,"column":8},"end":{"line":151,"column":null}},"70":{"start":{"line":154,"column":18},"end":{"line":154,"column":null}},"71":{"start":{"line":155,"column":4},"end":{"line":157,"column":null}},"72":{"start":{"line":156,"column":8},"end":{"line":156,"column":null}},"73":{"start":{"line":159,"column":4},"end":{"line":161,"column":null}},"74":{"start":{"line":160,"column":8},"end":{"line":160,"column":null}},"75":{"start":{"line":163,"column":4},"end":{"line":168,"column":null}},"76":{"start":{"line":172,"column":4},"end":{"line":172,"column":null}},"77":{"start":{"line":176,"column":22},"end":{"line":176,"column":null}},"78":{"start":{"line":177,"column":29},"end":{"line":177,"column":null}},"79":{"start":{"line":178,"column":21},"end":{"line":178,"column":null}},"80":{"start":{"line":179,"column":23},"end":{"line":186,"column":null}},"81":{"start":{"line":188,"column":19},"end":{"line":206,"column":null}},"82":{"start":{"line":189,"column":8},"end":{"line":194,"column":null}},"83":{"start":{"line":190,"column":12},"end":{"line":193,"column":null}},"84":{"start":{"line":196,"column":21},"end":{"line":196,"column":null}},"85":{"start":{"line":197,"column":8},"end":{"line":201,"column":null}},"86":{"start":{"line":208,"column":19},"end":{"line":208,"column":null}},"87":{"start":{"line":209,"column":19},"end":{"line":209,"column":null}},"88":{"start":{"line":210,"column":28},"end":{"line":210,"column":null}},"89":{"start":{"line":210,"column":60},"end":{"line":210,"column":89}},"90":{"start":{"line":212,"column":4},"end":{"line":219,"column":null}}},"fnMap":{"0":{"name":"estimateTokens","decl":{"start":{"line":5,"column":16},"end":{"line":5,"column":31}},"loc":{"start":{"line":5,"column":42},"end":{"line":8,"column":null}},"line":5},"1":{"name":"textForTokenBudget","decl":{"start":{"line":10,"column":9},"end":{"line":10,"column":28}},"loc":{"start":{"line":10,"column":47},"end":{"line":13,"column":null}},"line":10},"2":{"name":"pageLabel","decl":{"start":{"line":15,"column":9},"end":{"line":15,"column":19}},"loc":{"start":{"line":15,"column":25},"end":{"line":17,"column":null}},"line":15},"3":{"name":"createChunk","decl":{"start":{"line":19,"column":9},"end":{"line":19,"column":21}},"loc":{"start":{"line":19,"column":50},"end":{"line":30,"column":null}},"line":19},"4":{"name":"chunkWithText","decl":{"start":{"line":32,"column":9},"end":{"line":32,"column":23}},"loc":{"start":{"line":32,"column":36},"end":{"line":40,"column":null}},"line":32},"5":{"name":"createGoalChunk","decl":{"start":{"line":42,"column":9},"end":{"line":42,"column":25}},"loc":{"start":{"line":42,"column":31},"end":{"line":45,"column":null}},"line":42},"6":{"name":"createMetadataChunk","decl":{"start":{"line":47,"column":9},"end":{"line":47,"column":29}},"loc":{"start":{"line":47,"column":44},"end":{"line":56,"column":null}},"line":47},"7":{"name":"createSelectionChunk","decl":{"start":{"line":58,"column":9},"end":{"line":58,"column":30}},"loc":{"start":{"line":58,"column":46},"end":{"line":66,"column":null}},"line":58},"8":{"name":"createOutlineChunk","decl":{"start":{"line":68,"column":9},"end":{"line":68,"column":28}},"loc":{"start":{"line":68,"column":43},"end":{"line":81,"column":null}},"line":68},"9":{"name":"(anonymous_9)","decl":{"start":{"line":72,"column":9},"end":{"line":72,"column":14}},"loc":{"start":{"line":72,"column":24},"end":{"line":77,"column":9}},"line":72},"10":{"name":"createAnnotationChunks","decl":{"start":{"line":83,"column":9},"end":{"line":83,"column":32}},"loc":{"start":{"line":83,"column":50},"end":{"line":97,"column":null}},"line":83},"11":{"name":"(anonymous_11)","decl":{"start":{"line":87,"column":9},"end":{"line":87,"column":17}},"loc":{"start":{"line":87,"column":32},"end":{"line":87,"column":76}},"line":87},"12":{"name":"(anonymous_12)","decl":{"start":{"line":88,"column":9},"end":{"line":88,"column":14}},"loc":{"start":{"line":88,"column":36},"end":{"line":96,"column":9}},"line":88},"13":{"name":"documentBodyText","decl":{"start":{"line":99,"column":9},"end":{"line":99,"column":26}},"loc":{"start":{"line":99,"column":41},"end":{"line":112,"column":null}},"line":99},"14":{"name":"(anonymous_14)","decl":{"start":{"line":105,"column":9},"end":{"line":105,"column":14}},"loc":{"start":{"line":105,"column":30},"end":{"line":109,"column":9}},"line":105},"15":{"name":"createBodyChunks","decl":{"start":{"line":114,"column":9},"end":{"line":114,"column":26}},"loc":{"start":{"line":114,"column":88},"end":{"line":130,"column":null}},"line":114},"16":{"name":"addWithinBudget","decl":{"start":{"line":132,"column":9},"end":{"line":132,"column":25}},"loc":{"start":{"line":132,"column":61},"end":{"line":169,"column":null}},"line":132},"17":{"name":"formatContextChunk","decl":{"start":{"line":171,"column":16},"end":{"line":171,"column":35}},"loc":{"start":{"line":171,"column":42},"end":{"line":173,"column":null}},"line":171},"18":{"name":"packDocumentContext","decl":{"start":{"line":175,"column":16},"end":{"line":175,"column":36}},"loc":{"start":{"line":175,"column":62},"end":{"line":220,"column":null}},"line":175},"19":{"name":"(anonymous_19)","decl":{"start":{"line":188,"column":30},"end":{"line":188,"column":38}},"loc":{"start":{"line":188,"column":66},"end":{"line":202,"column":7}},"line":188},"20":{"name":"(anonymous_20)","decl":{"start":{"line":210,"column":35},"end":{"line":210,"column":43}},"loc":{"start":{"line":210,"column":60},"end":{"line":210,"column":89}},"line":210}},"branchMap":{"0":{"loc":{"start":{"line":5,"column":31},"end":{"line":5,"column":42}},"type":"default-arg","locations":[{"start":{"line":5,"column":38},"end":{"line":5,"column":42}}],"line":5},"1":{"loc":{"start":{"line":6,"column":4},"end":{"line":6,"column":null}},"type":"if","locations":[{"start":{"line":6,"column":4},"end":{"line":6,"column":null}},{"start":{},"end":{}}],"line":6},"2":{"loc":{"start":{"line":11,"column":4},"end":{"line":11,"column":null}},"type":"if","locations":[{"start":{"line":11,"column":4},"end":{"line":11,"column":null}},{"start":{},"end":{}}],"line":11},"3":{"loc":{"start":{"line":12,"column":18},"end":{"line":12,"column":28}},"type":"binary-expr","locations":[{"start":{"line":12,"column":18},"end":{"line":12,"column":26}},{"start":{"line":12,"column":26},"end":{"line":12,"column":28}}],"line":12},"4":{"loc":{"start":{"line":16,"column":11},"end":{"line":16,"column":null}},"type":"cond-expr","locations":[{"start":{"line":16,"column":18},"end":{"line":16,"column":33}},{"start":{"line":16,"column":33},"end":{"line":16,"column":null}}],"line":16},"5":{"loc":{"start":{"line":19,"column":37},"end":{"line":19,"column":50}},"type":"default-arg","locations":[{"start":{"line":19,"column":46},"end":{"line":19,"column":50}}],"line":19},"6":{"loc":{"start":{"line":21,"column":34},"end":{"line":21,"column":44}},"type":"binary-expr","locations":[{"start":{"line":21,"column":34},"end":{"line":21,"column":42}},{"start":{"line":21,"column":42},"end":{"line":21,"column":44}}],"line":21},"7":{"loc":{"start":{"line":33,"column":34},"end":{"line":33,"column":44}},"type":"binary-expr","locations":[{"start":{"line":33,"column":34},"end":{"line":33,"column":42}},{"start":{"line":33,"column":42},"end":{"line":33,"column":44}}],"line":33},"8":{"loc":{"start":{"line":43,"column":4},"end":{"line":43,"column":null}},"type":"if","locations":[{"start":{"line":43,"column":4},"end":{"line":43,"column":null}},{"start":{},"end":{}}],"line":43},"9":{"loc":{"start":{"line":47,"column":29},"end":{"line":47,"column":44}},"type":"default-arg","locations":[{"start":{"line":47,"column":40},"end":{"line":47,"column":44}}],"line":47},"10":{"loc":{"start":{"line":48,"column":23},"end":{"line":48,"column":null}},"type":"binary-expr","locations":[{"start":{"line":48,"column":23},"end":{"line":48,"column":38}},{"start":{"line":48,"column":38},"end":{"line":48,"column":null}}],"line":48},"11":{"loc":{"start":{"line":50,"column":21},"end":{"line":50,"column":null}},"type":"binary-expr","locations":[{"start":{"line":50,"column":21},"end":{"line":50,"column":38}},{"start":{"line":50,"column":38},"end":{"line":50,"column":56}},{"start":{"line":50,"column":56},"end":{"line":50,"column":null}}],"line":50},"12":{"loc":{"start":{"line":51,"column":17},"end":{"line":51,"column":null}},"type":"binary-expr","locations":[{"start":{"line":51,"column":17},"end":{"line":51,"column":34}},{"start":{"line":51,"column":34},"end":{"line":51,"column":51}},{"start":{"line":51,"column":51},"end":{"line":51,"column":null}}],"line":51},"13":{"loc":{"start":{"line":58,"column":30},"end":{"line":58,"column":46}},"type":"default-arg","locations":[{"start":{"line":58,"column":42},"end":{"line":58,"column":46}}],"line":58},"14":{"loc":{"start":{"line":59,"column":4},"end":{"line":59,"column":null}},"type":"if","locations":[{"start":{"line":59,"column":4},"end":{"line":59,"column":null}},{"start":{},"end":{}}],"line":59},"15":{"loc":{"start":{"line":62,"column":8},"end":{"line":62,"column":null}},"type":"binary-expr","locations":[{"start":{"line":62,"column":8},"end":{"line":62,"column":28}},{"start":{"line":62,"column":28},"end":{"line":62,"column":null}}],"line":62},"16":{"loc":{"start":{"line":68,"column":28},"end":{"line":68,"column":43}},"type":"default-arg","locations":[{"start":{"line":68,"column":39},"end":{"line":68,"column":43}}],"line":68},"17":{"loc":{"start":{"line":69,"column":4},"end":{"line":69,"column":null}},"type":"if","locations":[{"start":{"line":69,"column":4},"end":{"line":69,"column":null}},{"start":{},"end":{}}],"line":69},"18":{"loc":{"start":{"line":69,"column":8},"end":{"line":69,"column":75}},"type":"binary-expr","locations":[{"start":{"line":69,"column":8},"end":{"line":69,"column":44}},{"start":{"line":69,"column":44},"end":{"line":69,"column":75}}],"line":69},"19":{"loc":{"start":{"line":73,"column":26},"end":{"line":73,"column":null}},"type":"cond-expr","locations":[{"start":{"line":73,"column":57},"end":{"line":73,"column":71}},{"start":{"line":73,"column":71},"end":{"line":73,"column":null}}],"line":73},"20":{"loc":{"start":{"line":75,"column":25},"end":{"line":75,"column":null}},"type":"cond-expr","locations":[{"start":{"line":75,"column":38},"end":{"line":75,"column":61}},{"start":{"line":75,"column":61},"end":{"line":75,"column":null}}],"line":75},"21":{"loc":{"start":{"line":76,"column":33},"end":{"line":76,"column":61}},"type":"binary-expr","locations":[{"start":{"line":76,"column":33},"end":{"line":76,"column":48}},{"start":{"line":76,"column":48},"end":{"line":76,"column":61}}],"line":76},"22":{"loc":{"start":{"line":80,"column":34},"end":{"line":80,"column":69}},"type":"binary-expr","locations":[{"start":{"line":80,"column":34},"end":{"line":80,"column":49}},{"start":{"line":80,"column":49},"end":{"line":80,"column":69}}],"line":80},"23":{"loc":{"start":{"line":83,"column":32},"end":{"line":83,"column":50}},"type":"default-arg","locations":[{"start":{"line":83,"column":46},"end":{"line":83,"column":50}}],"line":83},"24":{"loc":{"start":{"line":84,"column":4},"end":{"line":84,"column":null}},"type":"if","locations":[{"start":{"line":84,"column":4},"end":{"line":84,"column":null}},{"start":{},"end":{}}],"line":84},"25":{"loc":{"start":{"line":87,"column":32},"end":{"line":87,"column":76}},"type":"binary-expr","locations":[{"start":{"line":87,"column":32},"end":{"line":87,"column":60}},{"start":{"line":87,"column":60},"end":{"line":87,"column":76}}],"line":87},"26":{"loc":{"start":{"line":89,"column":23},"end":{"line":89,"column":null}},"type":"binary-expr","locations":[{"start":{"line":89,"column":23},"end":{"line":89,"column":40}},{"start":{"line":89,"column":40},"end":{"line":89,"column":null}}],"line":89},"27":{"loc":{"start":{"line":91,"column":16},"end":{"line":91,"column":null}},"type":"cond-expr","locations":[{"start":{"line":91,"column":42},"end":{"line":91,"column":79}},{"start":{"line":91,"column":79},"end":{"line":91,"column":null}}],"line":91},"28":{"loc":{"start":{"line":92,"column":16},"end":{"line":92,"column":null}},"type":"cond-expr","locations":[{"start":{"line":92,"column":34},"end":{"line":92,"column":63}},{"start":{"line":92,"column":63},"end":{"line":92,"column":null}}],"line":92},"29":{"loc":{"start":{"line":99,"column":26},"end":{"line":99,"column":41}},"type":"default-arg","locations":[{"start":{"line":99,"column":37},"end":{"line":99,"column":41}}],"line":99},"30":{"loc":{"start":{"line":100,"column":4},"end":{"line":100,"column":null}},"type":"if","locations":[{"start":{"line":100,"column":4},"end":{"line":100,"column":null}},{"start":{},"end":{}}],"line":100},"31":{"loc":{"start":{"line":101,"column":4},"end":{"line":101,"column":null}},"type":"if","locations":[{"start":{"line":101,"column":4},"end":{"line":101,"column":null}},{"start":{},"end":{}}],"line":101},"32":{"loc":{"start":{"line":102,"column":4},"end":{"line":102,"column":null}},"type":"if","locations":[{"start":{"line":102,"column":4},"end":{"line":102,"column":null}},{"start":{},"end":{}}],"line":102},"33":{"loc":{"start":{"line":106,"column":31},"end":{"line":106,"column":null}},"type":"binary-expr","locations":[{"start":{"line":106,"column":31},"end":{"line":106,"column":44}},{"start":{"line":106,"column":44},"end":{"line":106,"column":null}}],"line":106},"34":{"loc":{"start":{"line":107,"column":25},"end":{"line":107,"column":null}},"type":"cond-expr","locations":[{"start":{"line":107,"column":52},"end":{"line":107,"column":59}},{"start":{"line":107,"column":59},"end":{"line":107,"column":null}}],"line":107},"35":{"loc":{"start":{"line":108,"column":19},"end":{"line":108,"column":null}},"type":"cond-expr","locations":[{"start":{"line":108,"column":26},"end":{"line":108,"column":60}},{"start":{"line":108,"column":60},"end":{"line":108,"column":null}}],"line":108},"36":{"loc":{"start":{"line":114,"column":26},"end":{"line":114,"column":41}},"type":"default-arg","locations":[{"start":{"line":114,"column":37},"end":{"line":114,"column":41}}],"line":114},"37":{"loc":{"start":{"line":114,"column":41},"end":{"line":114,"column":88}},"type":"default-arg","locations":[{"start":{"line":114,"column":60},"end":{"line":114,"column":88}}],"line":114},"38":{"loc":{"start":{"line":116,"column":4},"end":{"line":116,"column":null}},"type":"if","locations":[{"start":{"line":116,"column":4},"end":{"line":116,"column":null}},{"start":{},"end":{}}],"line":116},"39":{"loc":{"start":{"line":119,"column":23},"end":{"line":119,"column":null}},"type":"binary-expr","locations":[{"start":{"line":119,"column":23},"end":{"line":119,"column":38}},{"start":{"line":119,"column":38},"end":{"line":119,"column":null}}],"line":119},"40":{"loc":{"start":{"line":124,"column":8},"end":{"line":126,"column":null}},"type":"if","locations":[{"start":{"line":124,"column":8},"end":{"line":126,"column":null}},{"start":{},"end":{}}],"line":124},"41":{"loc":{"start":{"line":133,"column":4},"end":{"line":135,"column":null}},"type":"if","locations":[{"start":{"line":133,"column":4},"end":{"line":135,"column":null}},{"start":{},"end":{}}],"line":133},"42":{"loc":{"start":{"line":133,"column":8},"end":{"line":133,"column":44}},"type":"binary-expr","locations":[{"start":{"line":133,"column":8},"end":{"line":133,"column":22}},{"start":{"line":133,"column":22},"end":{"line":133,"column":44}}],"line":133},"43":{"loc":{"start":{"line":137,"column":4},"end":{"line":144,"column":null}},"type":"if","locations":[{"start":{"line":137,"column":4},"end":{"line":144,"column":null}},{"start":{},"end":{}}],"line":137},"44":{"loc":{"start":{"line":150,"column":4},"end":{"line":152,"column":null}},"type":"if","locations":[{"start":{"line":150,"column":4},"end":{"line":152,"column":null}},{"start":{},"end":{}}],"line":150},"45":{"loc":{"start":{"line":155,"column":11},"end":{"line":155,"column":79}},"type":"binary-expr","locations":[{"start":{"line":155,"column":11},"end":{"line":155,"column":54}},{"start":{"line":155,"column":54},"end":{"line":155,"column":79}}],"line":155},"46":{"loc":{"start":{"line":159,"column":4},"end":{"line":161,"column":null}},"type":"if","locations":[{"start":{"line":159,"column":4},"end":{"line":161,"column":null}},{"start":{},"end":{}}],"line":159},"47":{"loc":{"start":{"line":175,"column":36},"end":{"line":175,"column":48}},"type":"default-arg","locations":[{"start":{"line":175,"column":44},"end":{"line":175,"column":48}}],"line":175},"48":{"loc":{"start":{"line":175,"column":48},"end":{"line":175,"column":62}},"type":"default-arg","locations":[{"start":{"line":175,"column":58},"end":{"line":175,"column":62}}],"line":175},"49":{"loc":{"start":{"line":176,"column":34},"end":{"line":176,"column":73}},"type":"binary-expr","locations":[{"start":{"line":176,"column":34},"end":{"line":176,"column":55}},{"start":{"line":176,"column":55},"end":{"line":176,"column":73}}],"line":176},"50":{"loc":{"start":{"line":177,"column":29},"end":{"line":177,"column":null}},"type":"binary-expr","locations":[{"start":{"line":177,"column":29},"end":{"line":177,"column":57}},{"start":{"line":177,"column":57},"end":{"line":177,"column":null}}],"line":177},"51":{"loc":{"start":{"line":178,"column":21},"end":{"line":178,"column":null}},"type":"binary-expr","locations":[{"start":{"line":178,"column":21},"end":{"line":178,"column":39}},{"start":{"line":178,"column":39},"end":{"line":178,"column":null}}],"line":178},"52":{"loc":{"start":{"line":189,"column":8},"end":{"line":194,"column":null}},"type":"if","locations":[{"start":{"line":189,"column":8},"end":{"line":194,"column":null}},{"start":{},"end":{}}],"line":189},"53":{"loc":{"start":{"line":200,"column":23},"end":{"line":200,"column":null}},"type":"binary-expr","locations":[{"start":{"line":200,"column":23},"end":{"line":200,"column":42}},{"start":{"line":200,"column":42},"end":{"line":200,"column":61}},{"start":{"line":200,"column":61},"end":{"line":200,"column":79}},{"start":{"line":200,"column":79},"end":{"line":200,"column":null}}],"line":200},"54":{"loc":{"start":{"line":213,"column":14},"end":{"line":213,"column":null}},"type":"binary-expr","locations":[{"start":{"line":213,"column":14},"end":{"line":213,"column":28}},{"start":{"line":213,"column":28},"end":{"line":213,"column":null}}],"line":213},"55":{"loc":{"start":{"line":218,"column":19},"end":{"line":218,"column":null}},"type":"binary-expr","locations":[{"start":{"line":218,"column":19},"end":{"line":218,"column":39}},{"start":{"line":218,"column":39},"end":{"line":218,"column":null}}],"line":218}},"s":{"0":3,"1":3,"2":3,"3":27,"4":1,"5":26,"6":2,"7":0,"8":2,"9":3,"10":21,"11":21,"12":21,"13":2,"14":2,"15":3,"16":1,"17":2,"18":3,"19":3,"20":3,"21":3,"22":1,"23":2,"24":3,"25":2,"26":1,"27":2,"28":2,"29":2,"30":2,"31":1,"32":3,"33":0,"34":3,"35":1,"36":1,"37":1,"38":1,"39":3,"40":2,"41":1,"42":1,"43":1,"44":1,"45":0,"46":0,"47":0,"48":0,"49":3,"50":3,"51":1,"52":2,"53":2,"54":3,"55":3,"56":3,"57":12,"58":12,"59":12,"60":2,"61":12,"62":0,"63":12,"64":10,"65":2,"66":2,"67":2,"68":2,"69":0,"70":2,"71":2,"72":0,"73":2,"74":0,"75":2,"76":12,"77":3,"78":3,"79":3,"80":3,"81":3,"82":21,"83":9,"84":12,"85":12,"86":3,"87":3,"88":3,"89":12,"90":3},"f":{"0":27,"1":2,"2":3,"3":21,"4":2,"5":3,"6":3,"7":3,"8":3,"9":2,"10":3,"11":1,"12":1,"13":3,"14":0,"15":3,"16":12,"17":12,"18":3,"19":21,"20":12},"b":{"0":[27],"1":[1,26],"2":[0,2],"3":[2,0],"4":[3,0],"5":[21],"6":[21,0],"7":[2,0],"8":[1,2],"9":[3],"10":[3,0],"11":[3,0,0],"12":[3,0,0],"13":[3],"14":[1,2],"15":[2,0],"16":[3],"17":[2,1],"18":[3,1],"19":[0,2],"20":[2,0],"21":[2,0],"22":[1,0],"23":[3],"24":[0,3],"25":[1,0],"26":[1,0],"27":[1,0],"28":[1,0],"29":[3],"30":[2,1],"31":[0,1],"32":[1,0],"33":[0,0],"34":[0,0],"35":[0,0],"36":[3],"37":[3],"38":[1,2],"39":[2,0],"40":[12,0],"41":[0,12],"42":[12,12],"43":[10,2],"44":[0,2],"45":[2,0],"46":[0,2],"47":[3],"48":[3],"49":[3,0],"50":[3,2],"51":[3,0],"52":[9,12],"53":[12,12,10,0],"54":[3,1],"55":[3,1]},"meta":{"lastBranch":56,"lastFunction":21,"lastStatement":91,"seen":{"s:1:27:1:Infinity":0,"s:2:35:2:Infinity":1,"s:3:24:3:Infinity":2,"f:5:16:5:31":0,"b:5:38:5:42":0,"b:6:4:6:Infinity:undefined:undefined:undefined:undefined":1,"s:6:4:6:Infinity":3,"s:6:15:6:Infinity":4,"s:7:4:7:Infinity":5,"f:10:9:10:28":1,"b:11:4:11:Infinity:undefined:undefined:undefined:undefined":2,"s:11:4:11:Infinity":6,"s:11:26:11:Infinity":7,"s:12:4:12:Infinity":8,"b:12:18:12:26:12:26:12:28":3,"f:15:9:15:19":2,"s:16:4:16:Infinity":9,"b:16:18:16:33:16:33:16:Infinity":4,"f:19:9:19:21":3,"b:19:46:19:50":5,"s:20:18:20:Infinity":10,"s:21:27:21:Infinity":11,"b:21:34:21:42:21:42:21:44":6,"s:23:4:29:Infinity":12,"f:32:9:32:23":4,"s:33:27:33:Infinity":13,"b:33:34:33:42:33:42:33:44":7,"s:35:4:39:Infinity":14,"f:42:9:42:25":5,"b:43:4:43:Infinity:undefined:undefined:undefined:undefined":8,"s:43:4:43:Infinity":15,"s:43:15:43:Infinity":16,"s:44:4:44:Infinity":17,"f:47:9:47:29":6,"b:47:40:47:44":9,"s:48:23:48:Infinity":18,"b:48:23:48:38:48:38:48:Infinity":10,"s:49:18:53:Infinity":19,"b:50:21:50:38:50:38:50:56:50:56:50:Infinity":11,"b:51:17:51:34:51:34:51:51:51:51:51:Infinity":12,"s:55:4:55:Infinity":20,"f:58:9:58:30":7,"b:58:42:58:46":13,"b:59:4:59:Infinity:undefined:undefined:undefined:undefined":14,"s:59:4:59:Infinity":21,"s:59:25:59:Infinity":22,"s:60:4:65:Infinity":23,"b:62:8:62:28:62:28:62:Infinity":15,"f:68:9:68:28":8,"b:68:39:68:43":16,"b:69:4:69:Infinity:undefined:undefined:undefined:undefined":17,"s:69:4:69:Infinity":24,"b:69:8:69:44:69:44:69:75":18,"s:69:75:69:Infinity":25,"s:71:17:78:Infinity":26,"f:72:9:72:14":9,"s:73:26:73:Infinity":27,"b:73:57:73:71:73:71:73:Infinity":19,"s:74:27:74:Infinity":28,"s:75:25:75:Infinity":29,"b:75:38:75:61:75:61:75:Infinity":20,"s:76:12:76:Infinity":30,"b:76:33:76:48:76:48:76:61":21,"s:80:4:80:Infinity":31,"b:80:34:80:49:80:49:80:69":22,"f:83:9:83:32":10,"b:83:46:83:50":23,"b:84:4:84:Infinity:undefined:undefined:undefined:undefined":24,"s:84:4:84:Infinity":32,"s:84:37:84:Infinity":33,"s:86:4:96:Infinity":34,"f:87:9:87:17":11,"s:87:32:87:76":35,"b:87:32:87:60:87:60:87:76":25,"f:88:9:88:14":12,"s:89:23:89:Infinity":36,"b:89:23:89:40:89:40:89:Infinity":26,"s:90:25:93:Infinity":37,"b:91:42:91:79:91:79:91:Infinity":27,"b:92:34:92:63:92:63:92:Infinity":28,"s:95:12:95:Infinity":38,"f:99:9:99:26":13,"b:99:37:99:41":29,"b:100:4:100:Infinity:undefined:undefined:undefined:undefined":30,"s:100:4:100:Infinity":39,"s:100:30:100:Infinity":40,"b:101:4:101:Infinity:undefined:undefined:undefined:undefined":31,"s:101:4:101:Infinity":41,"s:101:23:101:Infinity":42,"b:102:4:102:Infinity:undefined:undefined:undefined:undefined":32,"s:102:4:102:Infinity":43,"s:102:40:102:Infinity":44,"s:104:4:111:Infinity":45,"f:105:9:105:14":14,"s:106:31:106:Infinity":46,"b:106:31:106:44:106:44:106:Infinity":33,"s:107:25:107:Infinity":47,"b:107:52:107:59:107:59:107:Infinity":34,"s:108:12:108:Infinity":48,"b:108:26:108:60:108:60:108:Infinity":35,"f:114:9:114:26":15,"b:114:37:114:41":36,"b:114:60:114:88":37,"s:115:17:115:Infinity":49,"b:116:4:116:Infinity:undefined:undefined:undefined:undefined":38,"s:116:4:116:Infinity":50,"s:116:15:116:Infinity":51,"s:118:22:118:Infinity":52,"s:119:23:119:Infinity":53,"b:119:23:119:38:119:38:119:Infinity":39,"s:120:19:120:Infinity":54,"s:122:4:127:Infinity":55,"s:122:21:122:24":56,"s:123:25:123:Infinity":57,"b:124:8:126:Infinity:undefined:undefined:undefined:undefined":40,"s:124:8:126:Infinity":58,"s:125:12:125:Infinity":59,"s:129:4:129:Infinity":60,"f:132:9:132:25":16,"b:133:4:135:Infinity:undefined:undefined:undefined:undefined":41,"s:133:4:135:Infinity":61,"b:133:8:133:22:133:22:133:44":42,"s:134:8:134:Infinity":62,"b:137:4:144:Infinity:undefined:undefined:undefined:undefined":43,"s:137:4:144:Infinity":63,"s:138:8:143:Infinity":64,"s:146:24:146:Infinity":65,"s:147:23:147:Infinity":66,"s:148:17:148:Infinity":67,"b:150:4:152:Infinity:undefined:undefined:undefined:undefined":44,"s:150:4:152:Infinity":68,"s:151:8:151:Infinity":69,"s:154:18:154:Infinity":70,"s:155:4:157:Infinity":71,"b:155:11:155:54:155:54:155:79":45,"s:156:8:156:Infinity":72,"b:159:4:161:Infinity:undefined:undefined:undefined:undefined":46,"s:159:4:161:Infinity":73,"s:160:8:160:Infinity":74,"s:163:4:168:Infinity":75,"f:171:16:171:35":17,"s:172:4:172:Infinity":76,"f:175:16:175:36":18,"b:175:44:175:48":47,"b:175:58:175:62":48,"s:176:22:176:Infinity":77,"b:176:34:176:55:176:55:176:73":49,"s:177:29:177:Infinity":78,"b:177:29:177:57:177:57:177:Infinity":50,"s:178:21:178:Infinity":79,"b:178:21:178:39:178:39:178:Infinity":51,"s:179:23:186:Infinity":80,"s:188:19:206:Infinity":81,"f:188:30:188:38":19,"b:189:8:194:Infinity:undefined:undefined:undefined:undefined":52,"s:189:8:194:Infinity":82,"s:190:12:193:Infinity":83,"s:196:21:196:Infinity":84,"s:197:8:201:Infinity":85,"b:200:23:200:42:200:42:200:61:200:61:200:79:200:79:200:Infinity":53,"s:208:19:208:Infinity":86,"s:209:19:209:Infinity":87,"s:210:28:210:Infinity":88,"f:210:35:210:43":20,"s:210:60:210:89":89,"s:212:4:219:Infinity":90,"b:213:14:213:28:213:28:213:Infinity":54,"b:218:19:218:39:218:39:218:Infinity":55}}}
,"/Users/mahaoxuan/Desktop/ai-chat-standalone/src/agent/index.js": {"path":"/Users/mahaoxuan/Desktop/ai-chat-standalone/src/agent/index.js","statementMap":{},"fnMap":{},"branchMap":{},"s":{},"f":{},"b":{},"meta":{"lastBranch":0,"lastFunction":0,"lastStatement":0,"seen":{}}}
,"/Users/mahaoxuan/Desktop/ai-chat-standalone/src/agent/permissions.js": {"path":"/Users/mahaoxuan/Desktop/ai-chat-standalone/src/agent/permissions.js","statementMap":{"0":{"start":{"line":1,"column":34},"end":{"line":5,"column":null}},"1":{"start":{"line":7,"column":43},"end":{"line":14,"column":null}},"2":{"start":{"line":16,"column":30},"end":{"line":20,"column":null}},"3":{"start":{"line":23,"column":4},"end":{"line":23,"column":null}},"4":{"start":{"line":27,"column":21},"end":{"line":27,"column":null}},"5":{"start":{"line":28,"column":4},"end":{"line":28,"column":null}},"6":{"start":{"line":28,"column":19},"end":{"line":28,"column":null}},"7":{"start":{"line":29,"column":4},"end":{"line":29,"column":null}},"8":{"start":{"line":29,"column":45},"end":{"line":29,"column":null}},"9":{"start":{"line":30,"column":4},"end":{"line":30,"column":null}},"10":{"start":{"line":34,"column":4},"end":{"line":34,"column":null}},"11":{"start":{"line":34,"column":19},"end":{"line":34,"column":null}},"12":{"start":{"line":35,"column":4},"end":{"line":35,"column":null}},"13":{"start":{"line":39,"column":4},"end":{"line":41,"column":null}},"14":{"start":{"line":40,"column":8},"end":{"line":40,"column":null}},"15":{"start":{"line":42,"column":4},"end":{"line":42,"column":null}},"16":{"start":{"line":46,"column":4},"end":{"line":50,"column":null}},"17":{"start":{"line":48,"column":60},"end":{"line":48,"column":96}}},"fnMap":{"0":{"name":"allowedToolSet","decl":{"start":{"line":22,"column":9},"end":{"line":22,"column":24}},"loc":{"start":{"line":22,"column":67},"end":{"line":24,"column":null}},"line":22},"1":{"name":"hasRequiredFlag","decl":{"start":{"line":26,"column":9},"end":{"line":26,"column":25}},"loc":{"start":{"line":26,"column":78},"end":{"line":31,"column":null}},"line":26},"2":{"name":"isToolAllowed","decl":{"start":{"line":33,"column":16},"end":{"line":33,"column":30}},"loc":{"start":{"line":33,"column":83},"end":{"line":36,"column":null}},"line":33},"3":{"name":"assertToolAllowed","decl":{"start":{"line":38,"column":16},"end":{"line":38,"column":34}},"loc":{"start":{"line":38,"column":87},"end":{"line":43,"column":null}},"line":38},"4":{"name":"filterAllowedTools","decl":{"start":{"line":45,"column":16},"end":{"line":45,"column":35}},"loc":{"start":{"line":45,"column":93},"end":{"line":51,"column":null}},"line":45},"5":{"name":"(anonymous_5)","decl":{"start":{"line":48,"column":37},"end":{"line":48,"column":45}},"loc":{"start":{"line":48,"column":60},"end":{"line":48,"column":96}},"line":48}},"branchMap":{"0":{"loc":{"start":{"line":22,"column":24},"end":{"line":22,"column":67}},"type":"default-arg","locations":[{"start":{"line":22,"column":38},"end":{"line":22,"column":67}}],"line":22},"1":{"loc":{"start":{"line":23,"column":19},"end":{"line":23,"column":87}},"type":"binary-expr","locations":[{"start":{"line":23,"column":19},"end":{"line":23,"column":47}},{"start":{"line":23,"column":47},"end":{"line":23,"column":87}}],"line":23},"2":{"loc":{"start":{"line":26,"column":35},"end":{"line":26,"column":78}},"type":"default-arg","locations":[{"start":{"line":26,"column":49},"end":{"line":26,"column":78}}],"line":26},"3":{"loc":{"start":{"line":28,"column":4},"end":{"line":28,"column":null}},"type":"if","locations":[{"start":{"line":28,"column":4},"end":{"line":28,"column":null}},{"start":{},"end":{}}],"line":28},"4":{"loc":{"start":{"line":29,"column":4},"end":{"line":29,"column":null}},"type":"if","locations":[{"start":{"line":29,"column":4},"end":{"line":29,"column":null}},{"start":{},"end":{}}],"line":29},"5":{"loc":{"start":{"line":33,"column":40},"end":{"line":33,"column":83}},"type":"default-arg","locations":[{"start":{"line":33,"column":54},"end":{"line":33,"column":83}}],"line":33},"6":{"loc":{"start":{"line":34,"column":4},"end":{"line":34,"column":null}},"type":"if","locations":[{"start":{"line":34,"column":4},"end":{"line":34,"column":null}},{"start":{},"end":{}}],"line":34},"7":{"loc":{"start":{"line":35,"column":11},"end":{"line":35,"column":null}},"type":"binary-expr","locations":[{"start":{"line":35,"column":11},"end":{"line":35,"column":56}},{"start":{"line":35,"column":56},"end":{"line":35,"column":null}}],"line":35},"8":{"loc":{"start":{"line":38,"column":44},"end":{"line":38,"column":87}},"type":"default-arg","locations":[{"start":{"line":38,"column":58},"end":{"line":38,"column":87}}],"line":38},"9":{"loc":{"start":{"line":39,"column":4},"end":{"line":41,"column":null}},"type":"if","locations":[{"start":{"line":39,"column":4},"end":{"line":41,"column":null}},{"start":{},"end":{}}],"line":39},"10":{"loc":{"start":{"line":45,"column":35},"end":{"line":45,"column":50}},"type":"default-arg","locations":[{"start":{"line":45,"column":46},"end":{"line":45,"column":50}}],"line":45},"11":{"loc":{"start":{"line":45,"column":50},"end":{"line":45,"column":93}},"type":"default-arg","locations":[{"start":{"line":45,"column":64},"end":{"line":45,"column":93}}],"line":45}},"s":{"0":3,"1":3,"2":3,"3":17,"4":11,"5":11,"6":0,"7":11,"8":0,"9":11,"10":17,"11":0,"12":17,"13":6,"14":3,"15":3,"16":1,"17":2},"f":{"0":17,"1":11,"2":17,"3":6,"4":1,"5":2},"b":{"0":[17],"1":[17,0],"2":[11],"3":[0,11],"4":[0,11],"5":[17],"6":[0,17],"7":[17,11],"8":[6],"9":[3,3],"10":[1],"11":[1]},"meta":{"lastBranch":12,"lastFunction":6,"lastStatement":18,"seen":{"s:1:34:5:Infinity":0,"s:7:43:14:Infinity":1,"s:16:30:20:Infinity":2,"f:22:9:22:24":0,"b:22:38:22:67":0,"s:23:4:23:Infinity":3,"b:23:19:23:47:23:47:23:87":1,"f:26:9:26:25":1,"b:26:49:26:78":2,"s:27:21:27:Infinity":4,"b:28:4:28:Infinity:undefined:undefined:undefined:undefined":3,"s:28:4:28:Infinity":5,"s:28:19:28:Infinity":6,"b:29:4:29:Infinity:undefined:undefined:undefined:undefined":4,"s:29:4:29:Infinity":7,"s:29:45:29:Infinity":8,"s:30:4:30:Infinity":9,"f:33:16:33:30":2,"b:33:54:33:83":5,"b:34:4:34:Infinity:undefined:undefined:undefined:undefined":6,"s:34:4:34:Infinity":10,"s:34:19:34:Infinity":11,"s:35:4:35:Infinity":12,"b:35:11:35:56:35:56:35:Infinity":7,"f:38:16:38:34":3,"b:38:58:38:87":8,"b:39:4:41:Infinity:undefined:undefined:undefined:undefined":9,"s:39:4:41:Infinity":13,"s:40:8:40:Infinity":14,"s:42:4:42:Infinity":15,"f:45:16:45:35":4,"b:45:46:45:50":10,"b:45:64:45:93":11,"s:46:4:50:Infinity":16,"f:48:37:48:45":5,"s:48:60:48:96":17}}}
,"/Users/mahaoxuan/Desktop/ai-chat-standalone/src/agent/runtime.js": {"path":"/Users/mahaoxuan/Desktop/ai-chat-standalone/src/agent/runtime.js","statementMap":{"0":{"start":{"line":7,"column":31},"end":{"line":7,"column":null}},"1":{"start":{"line":8,"column":27},"end":{"line":8,"column":null}},"2":{"start":{"line":11,"column":18},"end":{"line":11,"column":null}},"3":{"start":{"line":12,"column":4},"end":{"line":12,"column":null}},"4":{"start":{"line":12,"column":47},"end":{"line":12,"column":null}},"5":{"start":{"line":13,"column":4},"end":{"line":13,"column":null}},"6":{"start":{"line":17,"column":18},"end":{"line":17,"column":null}},"7":{"start":{"line":18,"column":4},"end":{"line":18,"column":null}},"8":{"start":{"line":18,"column":46},"end":{"line":18,"column":null}},"9":{"start":{"line":19,"column":4},"end":{"line":19,"column":null}},"10":{"start":{"line":23,"column":4},"end":{"line":27,"column":null}},"11":{"start":{"line":31,"column":4},"end":{"line":37,"column":null}},"12":{"start":{"line":41,"column":4},"end":{"line":48,"column":null}},"13":{"start":{"line":52,"column":4},"end":{"line":57,"column":null}},"14":{"start":{"line":61,"column":4},"end":{"line":61,"column":null}},"15":{"start":{"line":61,"column":39},"end":{"line":61,"column":null}},"16":{"start":{"line":62,"column":4},"end":{"line":65,"column":null}},"17":{"start":{"line":69,"column":4},"end":{"line":69,"column":null}},"18":{"start":{"line":69,"column":18},"end":{"line":69,"column":null}},"19":{"start":{"line":70,"column":4},"end":{"line":70,"column":null}},"20":{"start":{"line":70,"column":57},"end":{"line":70,"column":null}},"21":{"start":{"line":71,"column":4},"end":{"line":71,"column":null}},"22":{"start":{"line":82,"column":8},"end":{"line":82,"column":null}},"23":{"start":{"line":83,"column":26},"end":{"line":83,"column":null}},"24":{"start":{"line":84,"column":26},"end":{"line":84,"column":null}},"25":{"start":{"line":85,"column":16},"end":{"line":85,"column":null}},"26":{"start":{"line":87,"column":4},"end":{"line":89,"column":null}},"27":{"start":{"line":88,"column":8},"end":{"line":88,"column":null}},"28":{"start":{"line":91,"column":4},"end":{"line":122,"column":null}},"29":{"start":{"line":91,"column":25},"end":{"line":91,"column":28}},"30":{"start":{"line":92,"column":25},"end":{"line":97,"column":null}},"31":{"start":{"line":98,"column":8},"end":{"line":98,"column":null}},"32":{"start":{"line":100,"column":8},"end":{"line":102,"column":null}},"33":{"start":{"line":101,"column":12},"end":{"line":101,"column":null}},"34":{"start":{"line":104,"column":25},"end":{"line":104,"column":null}},"35":{"start":{"line":105,"column":8},"end":{"line":107,"column":null}},"36":{"start":{"line":106,"column":12},"end":{"line":106,"column":null}},"37":{"start":{"line":109,"column":8},"end":{"line":113,"column":null}},"38":{"start":{"line":110,"column":12},"end":{"line":110,"column":null}},"39":{"start":{"line":112,"column":12},"end":{"line":112,"column":null}},"40":{"start":{"line":115,"column":21},"end":{"line":115,"column":null}},"41":{"start":{"line":116,"column":8},"end":{"line":118,"column":null}},"42":{"start":{"line":117,"column":12},"end":{"line":117,"column":null}},"43":{"start":{"line":120,"column":27},"end":{"line":120,"column":null}},"44":{"start":{"line":121,"column":8},"end":{"line":121,"column":null}},"45":{"start":{"line":124,"column":4},"end":{"line":124,"column":null}},"46":{"start":{"line":129,"column":20},"end":{"line":133,"column":null}},"47":{"start":{"line":130,"column":8},"end":{"line":132,"column":null}},"48":{"start":{"line":131,"column":12},"end":{"line":131,"column":null}},"49":{"start":{"line":135,"column":4},"end":{"line":137,"column":null}},"50":{"start":{"line":136,"column":8},"end":{"line":136,"column":null}},"51":{"start":{"line":141,"column":22},"end":{"line":141,"column":null}},"52":{"start":{"line":143,"column":4},"end":{"line":147,"column":null}},"53":{"start":{"line":144,"column":8},"end":{"line":144,"column":null}},"54":{"start":{"line":144,"column":39},"end":{"line":144,"column":57}},"55":{"start":{"line":146,"column":8},"end":{"line":146,"column":null}}},"fnMap":{"0":{"name":"normalizeIterations","decl":{"start":{"line":10,"column":9},"end":{"line":10,"column":29}},"loc":{"start":{"line":10,"column":44},"end":{"line":14,"column":null}},"line":10},"1":{"name":"normalizeTimeout","decl":{"start":{"line":16,"column":9},"end":{"line":16,"column":26}},"loc":{"start":{"line":16,"column":37},"end":{"line":20,"column":null}},"line":16},"2":{"name":"createModelTrace","decl":{"start":{"line":22,"column":9},"end":{"line":22,"column":26}},"loc":{"start":{"line":22,"column":47},"end":{"line":28,"column":null}},"line":22},"3":{"name":"createToolTrace","decl":{"start":{"line":30,"column":9},"end":{"line":30,"column":25}},"loc":{"start":{"line":30,"column":60},"end":{"line":38,"column":null}},"line":30},"4":{"name":"finalResult","decl":{"start":{"line":40,"column":9},"end":{"line":40,"column":21}},"loc":{"start":{"line":40,"column":50},"end":{"line":49,"column":null}},"line":40},"5":{"name":"limitResult","decl":{"start":{"line":51,"column":9},"end":{"line":51,"column":21}},"loc":{"start":{"line":51,"column":60},"end":{"line":58,"column":null}},"line":51},"6":{"name":"toolCallFromResponse","decl":{"start":{"line":60,"column":9},"end":{"line":60,"column":30}},"loc":{"start":{"line":60,"column":45},"end":{"line":66,"column":null}},"line":60},"7":{"name":"buildPackedContext","decl":{"start":{"line":68,"column":9},"end":{"line":68,"column":28}},"loc":{"start":{"line":68,"column":59},"end":{"line":72,"column":null}},"line":68},"8":{"name":"runLoop","decl":{"start":{"line":74,"column":15},"end":{"line":74,"column":23}},"loc":{"start":{"line":74,"column":32},"end":{"line":125,"column":null}},"line":74},"9":{"name":"withTimeout","decl":{"start":{"line":127,"column":9},"end":{"line":127,"column":21}},"loc":{"start":{"line":127,"column":38},"end":{"line":138,"column":null}},"line":127},"10":{"name":"(anonymous_10)","decl":{"start":{"line":129,"column":24},"end":{"line":129,"column":33}},"loc":{"start":{"line":129,"column":45},"end":{"line":133,"column":5}},"line":129},"11":{"name":"(anonymous_11)","decl":{"start":{"line":130,"column":20},"end":{"line":130,"column":37}},"loc":{"start":{"line":130,"column":37},"end":{"line":132,"column":11}},"line":130},"12":{"name":"(anonymous_12)","decl":{"start":{"line":135,"column":43},"end":{"line":135,"column":57}},"loc":{"start":{"line":135,"column":57},"end":{"line":137,"column":5}},"line":135},"13":{"name":"runReadingAgent","decl":{"start":{"line":140,"column":22},"end":{"line":140,"column":38}},"loc":{"start":{"line":140,"column":52},"end":{"line":148,"column":null}},"line":140},"14":{"name":"(anonymous_14)","decl":{"start":{"line":144,"column":21},"end":{"line":144,"column":39}},"loc":{"start":{"line":144,"column":39},"end":{"line":144,"column":57}},"line":144}},"branchMap":{"0":{"loc":{"start":{"line":11,"column":25},"end":{"line":11,"column":64}},"type":"binary-expr","locations":[{"start":{"line":11,"column":25},"end":{"line":11,"column":42}},{"start":{"line":11,"column":42},"end":{"line":11,"column":64}}],"line":11},"1":{"loc":{"start":{"line":12,"column":4},"end":{"line":12,"column":null}},"type":"if","locations":[{"start":{"line":12,"column":4},"end":{"line":12,"column":null}},{"start":{},"end":{}}],"line":12},"2":{"loc":{"start":{"line":12,"column":8},"end":{"line":12,"column":47}},"type":"binary-expr","locations":[{"start":{"line":12,"column":8},"end":{"line":12,"column":36}},{"start":{"line":12,"column":36},"end":{"line":12,"column":47}}],"line":12},"3":{"loc":{"start":{"line":17,"column":25},"end":{"line":17,"column":56}},"type":"binary-expr","locations":[{"start":{"line":17,"column":25},"end":{"line":17,"column":38}},{"start":{"line":17,"column":38},"end":{"line":17,"column":56}}],"line":17},"4":{"loc":{"start":{"line":18,"column":4},"end":{"line":18,"column":null}},"type":"if","locations":[{"start":{"line":18,"column":4},"end":{"line":18,"column":null}},{"start":{},"end":{}}],"line":18},"5":{"loc":{"start":{"line":18,"column":8},"end":{"line":18,"column":46}},"type":"binary-expr","locations":[{"start":{"line":18,"column":8},"end":{"line":18,"column":35}},{"start":{"line":18,"column":35},"end":{"line":18,"column":46}}],"line":18},"6":{"loc":{"start":{"line":43,"column":17},"end":{"line":43,"column":null}},"type":"binary-expr","locations":[{"start":{"line":43,"column":17},"end":{"line":43,"column":37}},{"start":{"line":43,"column":37},"end":{"line":43,"column":null}}],"line":43},"7":{"loc":{"start":{"line":44,"column":18},"end":{"line":44,"column":null}},"type":"binary-expr","locations":[{"start":{"line":44,"column":18},"end":{"line":44,"column":39}},{"start":{"line":44,"column":39},"end":{"line":44,"column":null}}],"line":44},"8":{"loc":{"start":{"line":45,"column":38},"end":{"line":45,"column":63}},"type":"binary-expr","locations":[{"start":{"line":45,"column":38},"end":{"line":45,"column":60}},{"start":{"line":45,"column":60},"end":{"line":45,"column":63}}],"line":45},"9":{"loc":{"start":{"line":51,"column":48},"end":{"line":51,"column":60}},"type":"default-arg","locations":[{"start":{"line":51,"column":56},"end":{"line":51,"column":60}}],"line":51},"10":{"loc":{"start":{"line":60,"column":30},"end":{"line":60,"column":45}},"type":"default-arg","locations":[{"start":{"line":60,"column":41},"end":{"line":60,"column":45}}],"line":60},"11":{"loc":{"start":{"line":61,"column":4},"end":{"line":61,"column":null}},"type":"if","locations":[{"start":{"line":61,"column":4},"end":{"line":61,"column":null}},{"start":{},"end":{}}],"line":61},"12":{"loc":{"start":{"line":63,"column":18},"end":{"line":63,"column":null}},"type":"binary-expr","locations":[{"start":{"line":63,"column":18},"end":{"line":63,"column":39}},{"start":{"line":63,"column":39},"end":{"line":63,"column":null}}],"line":63},"13":{"loc":{"start":{"line":64,"column":34},"end":{"line":64,"column":55}},"type":"binary-expr","locations":[{"start":{"line":64,"column":34},"end":{"line":64,"column":51}},{"start":{"line":64,"column":51},"end":{"line":64,"column":55}}],"line":64},"14":{"loc":{"start":{"line":69,"column":4},"end":{"line":69,"column":null}},"type":"if","locations":[{"start":{"line":69,"column":4},"end":{"line":69,"column":null}},{"start":{},"end":{}}],"line":69},"15":{"loc":{"start":{"line":70,"column":4},"end":{"line":70,"column":null}},"type":"if","locations":[{"start":{"line":70,"column":4},"end":{"line":70,"column":null}},{"start":{},"end":{}}],"line":70},"16":{"loc":{"start":{"line":70,"column":8},"end":{"line":70,"column":57}},"type":"binary-expr","locations":[{"start":{"line":70,"column":8},"end":{"line":70,"column":26}},{"start":{"line":70,"column":26},"end":{"line":70,"column":57}}],"line":70},"17":{"loc":{"start":{"line":76,"column":8},"end":{"line":76,"column":null}},"type":"default-arg","locations":[{"start":{"line":76,"column":15},"end":{"line":76,"column":null}}],"line":76},"18":{"loc":{"start":{"line":78,"column":8},"end":{"line":78,"column":null}},"type":"default-arg","locations":[{"start":{"line":78,"column":16},"end":{"line":78,"column":null}}],"line":78},"19":{"loc":{"start":{"line":79,"column":8},"end":{"line":79,"column":null}},"type":"default-arg","locations":[{"start":{"line":79,"column":22},"end":{"line":79,"column":null}}],"line":79},"20":{"loc":{"start":{"line":80,"column":8},"end":{"line":80,"column":null}},"type":"default-arg","locations":[{"start":{"line":80,"column":18},"end":{"line":80,"column":null}}],"line":80},"21":{"loc":{"start":{"line":81,"column":8},"end":{"line":81,"column":null}},"type":"default-arg","locations":[{"start":{"line":81,"column":25},"end":{"line":81,"column":null}}],"line":81},"22":{"loc":{"start":{"line":87,"column":4},"end":{"line":89,"column":null}},"type":"if","locations":[{"start":{"line":87,"column":4},"end":{"line":89,"column":null}},{"start":{},"end":{}}],"line":87},"23":{"loc":{"start":{"line":100,"column":8},"end":{"line":102,"column":null}},"type":"if","locations":[{"start":{"line":100,"column":8},"end":{"line":102,"column":null}},{"start":{},"end":{}}],"line":100},"24":{"loc":{"start":{"line":105,"column":8},"end":{"line":107,"column":null}},"type":"if","locations":[{"start":{"line":105,"column":8},"end":{"line":107,"column":null}},{"start":{},"end":{}}],"line":105},"25":{"loc":{"start":{"line":116,"column":8},"end":{"line":118,"column":null}},"type":"if","locations":[{"start":{"line":116,"column":8},"end":{"line":118,"column":null}},{"start":{},"end":{}}],"line":116},"26":{"loc":{"start":{"line":140,"column":38},"end":{"line":140,"column":52}},"type":"default-arg","locations":[{"start":{"line":140,"column":48},"end":{"line":140,"column":52}}],"line":140},"27":{"loc":{"start":{"line":146,"column":43},"end":{"line":146,"column":82}},"type":"binary-expr","locations":[{"start":{"line":146,"column":43},"end":{"line":146,"column":60}},{"start":{"line":146,"column":60},"end":{"line":146,"column":82}}],"line":146}},"s":{"0":2,"1":2,"2":5,"3":5,"4":0,"5":5,"6":5,"7":5,"8":0,"9":5,"10":6,"11":3,"12":1,"13":4,"14":5,"15":0,"16":5,"17":5,"18":5,"19":0,"20":0,"21":0,"22":5,"23":5,"24":5,"25":5,"26":5,"27":0,"28":5,"29":5,"30":7,"31":6,"32":6,"33":1,"34":5,"35":5,"36":0,"37":5,"38":5,"39":2,"40":3,"41":3,"42":0,"43":3,"44":3,"45":1,"46":5,"47":5,"48":1,"49":5,"50":5,"51":5,"52":5,"53":5,"54":5,"55":0},"f":{"0":5,"1":5,"2":6,"3":3,"4":1,"5":4,"6":5,"7":5,"8":5,"9":5,"10":5,"11":1,"12":5,"13":5,"14":5},"b":{"0":[5,0],"1":[0,5],"2":[5,5],"3":[5,0],"4":[0,5],"5":[5,5],"6":[1,0],"7":[1,1],"8":[1,1],"9":[4],"10":[5],"11":[0,5],"12":[5,0],"13":[5,0],"14":[5,0],"15":[0,0],"16":[0,0],"17":[5],"18":[5],"19":[5],"20":[5],"21":[5],"22":[0,5],"23":[1,5],"24":[0,5],"25":[0,3],"26":[5],"27":[0,0]},"meta":{"lastBranch":28,"lastFunction":15,"lastStatement":56,"seen":{"s:7:31:7:Infinity":0,"s:8:27:8:Infinity":1,"f:10:9:10:29":0,"s:11:18:11:Infinity":2,"b:11:25:11:42:11:42:11:64":0,"b:12:4:12:Infinity:undefined:undefined:undefined:undefined":1,"s:12:4:12:Infinity":3,"b:12:8:12:36:12:36:12:47":2,"s:12:47:12:Infinity":4,"s:13:4:13:Infinity":5,"f:16:9:16:26":1,"s:17:18:17:Infinity":6,"b:17:25:17:38:17:38:17:56":3,"b:18:4:18:Infinity:undefined:undefined:undefined:undefined":4,"s:18:4:18:Infinity":7,"b:18:8:18:35:18:35:18:46":5,"s:18:46:18:Infinity":8,"s:19:4:19:Infinity":9,"f:22:9:22:26":2,"s:23:4:27:Infinity":10,"f:30:9:30:25":3,"s:31:4:37:Infinity":11,"f:40:9:40:21":4,"s:41:4:48:Infinity":12,"b:43:17:43:37:43:37:43:Infinity":6,"b:44:18:44:39:44:39:44:Infinity":7,"b:45:38:45:60:45:60:45:63":8,"f:51:9:51:21":5,"b:51:56:51:60":9,"s:52:4:57:Infinity":13,"f:60:9:60:30":6,"b:60:41:60:45":10,"b:61:4:61:Infinity:undefined:undefined:undefined:undefined":11,"s:61:4:61:Infinity":14,"s:61:39:61:Infinity":15,"s:62:4:65:Infinity":16,"b:63:18:63:39:63:39:63:Infinity":12,"b:64:34:64:51:64:51:64:55":13,"f:68:9:68:28":7,"b:69:4:69:Infinity:undefined:undefined:undefined:undefined":14,"s:69:4:69:Infinity":17,"s:69:18:69:Infinity":18,"b:70:4:70:Infinity:undefined:undefined:undefined:undefined":15,"s:70:4:70:Infinity":19,"b:70:8:70:26:70:26:70:57":16,"s:70:57:70:Infinity":20,"s:71:4:71:Infinity":21,"f:74:15:74:23":8,"s:82:8:82:Infinity":22,"b:76:15:76:Infinity":17,"b:78:16:78:Infinity":18,"b:79:22:79:Infinity":19,"b:80:18:80:Infinity":20,"b:81:25:81:Infinity":21,"s:83:26:83:Infinity":23,"s:84:26:84:Infinity":24,"s:85:16:85:Infinity":25,"b:87:4:89:Infinity:undefined:undefined:undefined:undefined":22,"s:87:4:89:Infinity":26,"s:88:8:88:Infinity":27,"s:91:4:122:Infinity":28,"s:91:25:91:28":29,"s:92:25:97:Infinity":30,"s:98:8:98:Infinity":31,"b:100:8:102:Infinity:undefined:undefined:undefined:undefined":23,"s:100:8:102:Infinity":32,"s:101:12:101:Infinity":33,"s:104:25:104:Infinity":34,"b:105:8:107:Infinity:undefined:undefined:undefined:undefined":24,"s:105:8:107:Infinity":35,"s:106:12:106:Infinity":36,"s:109:8:113:Infinity":37,"s:110:12:110:Infinity":38,"s:112:12:112:Infinity":39,"s:115:21:115:Infinity":40,"b:116:8:118:Infinity:undefined:undefined:undefined:undefined":25,"s:116:8:118:Infinity":41,"s:117:12:117:Infinity":42,"s:120:27:120:Infinity":43,"s:121:8:121:Infinity":44,"s:124:4:124:Infinity":45,"f:127:9:127:21":9,"s:129:20:133:Infinity":46,"f:129:24:129:33":10,"s:130:8:132:Infinity":47,"f:130:20:130:37":11,"s:131:12:131:Infinity":48,"s:135:4:137:Infinity":49,"f:135:43:135:57":12,"s:136:8:136:Infinity":50,"f:140:22:140:38":13,"b:140:48:140:52":26,"s:141:22:141:Infinity":51,"s:143:4:147:Infinity":52,"s:144:8:144:Infinity":53,"f:144:21:144:39":14,"s:144:39:144:57":54,"s:146:8:146:Infinity":55,"b:146:43:146:60:146:60:146:82":27}}}
,"/Users/mahaoxuan/Desktop/ai-chat-standalone/src/agent/tools.js": {"path":"/Users/mahaoxuan/Desktop/ai-chat-standalone/src/agent/tools.js","statementMap":{"0":{"start":{"line":2,"column":23},"end":{"line":2,"column":null}},"1":{"start":{"line":3,"column":4},"end":{"line":5,"column":null}},"2":{"start":{"line":4,"column":8},"end":{"line":4,"column":null}},"3":{"start":{"line":6,"column":4},"end":{"line":6,"column":null}},"4":{"start":{"line":10,"column":4},"end":{"line":10,"column":null}},"5":{"start":{"line":10,"column":40},"end":{"line":10,"column":null}},"6":{"start":{"line":12,"column":23},"end":{"line":12,"column":null}},"7":{"start":{"line":13,"column":18},"end":{"line":16,"column":null}},"8":{"start":{"line":14,"column":8},"end":{"line":14,"column":null}},"9":{"start":{"line":14,"column":39},"end":{"line":14,"column":null}},"10":{"start":{"line":15,"column":8},"end":{"line":15,"column":null}},"11":{"start":{"line":18,"column":4},"end":{"line":18,"column":null}},"12":{"start":{"line":18,"column":35},"end":{"line":18,"column":null}},"13":{"start":{"line":19,"column":4},"end":{"line":19,"column":null}},"14":{"start":{"line":23,"column":4},"end":{"line":23,"column":null}},"15":{"start":{"line":23,"column":30},"end":{"line":23,"column":null}},"16":{"start":{"line":24,"column":4},"end":{"line":24,"column":null}},"17":{"start":{"line":24,"column":23},"end":{"line":24,"column":null}},"18":{"start":{"line":25,"column":4},"end":{"line":25,"column":null}},"19":{"start":{"line":25,"column":40},"end":{"line":25,"column":null}},"20":{"start":{"line":27,"column":4},"end":{"line":30,"column":null}},"21":{"start":{"line":28,"column":25},"end":{"line":28,"column":78}},"22":{"start":{"line":34,"column":23},"end":{"line":34,"column":null}},"23":{"start":{"line":35,"column":18},"end":{"line":35,"column":null}},"24":{"start":{"line":37,"column":4},"end":{"line":42,"column":null}},"25":{"start":{"line":38,"column":8},"end":{"line":41,"column":null}},"26":{"start":{"line":44,"column":4},"end":{"line":47,"column":null}},"27":{"start":{"line":51,"column":21},"end":{"line":51,"column":null}},"28":{"start":{"line":52,"column":23},"end":{"line":52,"column":null}},"29":{"start":{"line":53,"column":20},"end":{"line":53,"column":null}},"30":{"start":{"line":54,"column":17},"end":{"line":54,"column":null}},"31":{"start":{"line":56,"column":20},"end":{"line":60,"column":null}},"32":{"start":{"line":61,"column":19},"end":{"line":61,"column":null}},"33":{"start":{"line":63,"column":4},"end":{"line":69,"column":null}},"34":{"start":{"line":73,"column":17},"end":{"line":73,"column":null}},"35":{"start":{"line":75,"column":4},"end":{"line":81,"column":null}},"36":{"start":{"line":76,"column":8},"end":{"line":80,"column":null}},"37":{"start":{"line":83,"column":19},"end":{"line":83,"column":null}},"38":{"start":{"line":84,"column":4},"end":{"line":88,"column":null}},"39":{"start":{"line":92,"column":21},"end":{"line":92,"column":null}},"40":{"start":{"line":93,"column":23},"end":{"line":93,"column":null}},"41":{"start":{"line":95,"column":4},"end":{"line":100,"column":null}},"42":{"start":{"line":96,"column":8},"end":{"line":99,"column":null}},"43":{"start":{"line":102,"column":24},"end":{"line":104,"column":null}},"44":{"start":{"line":106,"column":4},"end":{"line":109,"column":null}},"45":{"start":{"line":113,"column":4},"end":{"line":117,"column":null}},"46":{"start":{"line":121,"column":4},"end":{"line":140,"column":null}},"47":{"start":{"line":126,"column":32},"end":{"line":126,"column":null}},"48":{"start":{"line":132,"column":32},"end":{"line":132,"column":null}},"49":{"start":{"line":138,"column":32},"end":{"line":138,"column":null}}},"fnMap":{"0":{"name":"positivePage","decl":{"start":{"line":1,"column":9},"end":{"line":1,"column":22}},"loc":{"start":{"line":1,"column":28},"end":{"line":7,"column":null}},"line":1},"1":{"name":"pageTextFromDocument","decl":{"start":{"line":9,"column":9},"end":{"line":9,"column":30}},"loc":{"start":{"line":9,"column":51},"end":{"line":20,"column":null}},"line":9},"2":{"name":"(anonymous_2)","decl":{"start":{"line":13,"column":33},"end":{"line":13,"column":39}},"loc":{"start":{"line":13,"column":56},"end":{"line":16,"column":5}},"line":13},"3":{"name":"fullDocumentText","decl":{"start":{"line":22,"column":9},"end":{"line":22,"column":26}},"loc":{"start":{"line":22,"column":41},"end":{"line":31,"column":null}},"line":22},"4":{"name":"(anonymous_4)","decl":{"start":{"line":28,"column":9},"end":{"line":28,"column":14}},"loc":{"start":{"line":28,"column":25},"end":{"line":28,"column":78}},"line":28},"5":{"name":"boundedText","decl":{"start":{"line":33,"column":9},"end":{"line":33,"column":21}},"loc":{"start":{"line":33,"column":37},"end":{"line":48,"column":null}},"line":33},"6":{"name":"extractText","decl":{"start":{"line":50,"column":22},"end":{"line":50,"column":34}},"loc":{"start":{"line":50,"column":60},"end":{"line":70,"column":null}},"line":50},"7":{"name":"navigatePage","decl":{"start":{"line":72,"column":22},"end":{"line":72,"column":35}},"loc":{"start":{"line":72,"column":61},"end":{"line":89,"column":null}},"line":72},"8":{"name":"listAnnotations","decl":{"start":{"line":91,"column":22},"end":{"line":91,"column":38}},"loc":{"start":{"line":91,"column":64},"end":{"line":110,"column":null}},"line":91},"9":{"name":"withBaseContext","decl":{"start":{"line":112,"column":9},"end":{"line":112,"column":25}},"loc":{"start":{"line":112,"column":44},"end":{"line":118,"column":null}},"line":112},"10":{"name":"createReadingTools","decl":{"start":{"line":120,"column":16},"end":{"line":120,"column":35}},"loc":{"start":{"line":120,"column":68},"end":{"line":141,"column":null}},"line":120},"11":{"name":"(anonymous_11)","decl":{"start":{"line":126,"column":12},"end":{"line":126,"column":18}},"loc":{"start":{"line":126,"column":32},"end":{"line":126,"column":null}},"line":126},"12":{"name":"(anonymous_12)","decl":{"start":{"line":132,"column":12},"end":{"line":132,"column":18}},"loc":{"start":{"line":132,"column":32},"end":{"line":132,"column":null}},"line":132},"13":{"name":"(anonymous_13)","decl":{"start":{"line":138,"column":12},"end":{"line":138,"column":18}},"loc":{"start":{"line":138,"column":32},"end":{"line":138,"column":null}},"line":138}},"branchMap":{"0":{"loc":{"start":{"line":3,"column":4},"end":{"line":5,"column":null}},"type":"if","locations":[{"start":{"line":3,"column":4},"end":{"line":5,"column":null}},{"start":{},"end":{}}],"line":3},"1":{"loc":{"start":{"line":3,"column":8},"end":{"line":3,"column":57}},"type":"binary-expr","locations":[{"start":{"line":3,"column":8},"end":{"line":3,"column":41}},{"start":{"line":3,"column":41},"end":{"line":3,"column":57}}],"line":3},"2":{"loc":{"start":{"line":9,"column":30},"end":{"line":9,"column":45}},"type":"default-arg","locations":[{"start":{"line":9,"column":41},"end":{"line":9,"column":45}}],"line":9},"3":{"loc":{"start":{"line":10,"column":4},"end":{"line":10,"column":null}},"type":"if","locations":[{"start":{"line":10,"column":4},"end":{"line":10,"column":null}},{"start":{},"end":{}}],"line":10},"4":{"loc":{"start":{"line":14,"column":8},"end":{"line":14,"column":null}},"type":"if","locations":[{"start":{"line":14,"column":8},"end":{"line":14,"column":null}},{"start":{},"end":{}}],"line":14},"5":{"loc":{"start":{"line":15,"column":16},"end":{"line":15,"column":45}},"type":"binary-expr","locations":[{"start":{"line":15,"column":16},"end":{"line":15,"column":30}},{"start":{"line":15,"column":30},"end":{"line":15,"column":45}}],"line":15},"6":{"loc":{"start":{"line":18,"column":4},"end":{"line":18,"column":null}},"type":"if","locations":[{"start":{"line":18,"column":4},"end":{"line":18,"column":null}},{"start":{},"end":{}}],"line":18},"7":{"loc":{"start":{"line":19,"column":11},"end":{"line":19,"column":null}},"type":"binary-expr","locations":[{"start":{"line":19,"column":11},"end":{"line":19,"column":26}},{"start":{"line":19,"column":26},"end":{"line":19,"column":null}}],"line":19},"8":{"loc":{"start":{"line":22,"column":26},"end":{"line":22,"column":41}},"type":"default-arg","locations":[{"start":{"line":22,"column":37},"end":{"line":22,"column":41}}],"line":22},"9":{"loc":{"start":{"line":23,"column":4},"end":{"line":23,"column":null}},"type":"if","locations":[{"start":{"line":23,"column":4},"end":{"line":23,"column":null}},{"start":{},"end":{}}],"line":23},"10":{"loc":{"start":{"line":24,"column":4},"end":{"line":24,"column":null}},"type":"if","locations":[{"start":{"line":24,"column":4},"end":{"line":24,"column":null}},{"start":{},"end":{}}],"line":24},"11":{"loc":{"start":{"line":25,"column":4},"end":{"line":25,"column":null}},"type":"if","locations":[{"start":{"line":25,"column":4},"end":{"line":25,"column":null}},{"start":{},"end":{}}],"line":25},"12":{"loc":{"start":{"line":28,"column":25},"end":{"line":28,"column":78}},"type":"cond-expr","locations":[{"start":{"line":28,"column":53},"end":{"line":28,"column":61}},{"start":{"line":28,"column":61},"end":{"line":28,"column":78}}],"line":28},"13":{"loc":{"start":{"line":28,"column":61},"end":{"line":28,"column":78}},"type":"binary-expr","locations":[{"start":{"line":28,"column":61},"end":{"line":28,"column":75}},{"start":{"line":28,"column":75},"end":{"line":28,"column":78}}],"line":28},"14":{"loc":{"start":{"line":34,"column":30},"end":{"line":34,"column":40}},"type":"binary-expr","locations":[{"start":{"line":34,"column":30},"end":{"line":34,"column":38}},{"start":{"line":34,"column":38},"end":{"line":34,"column":40}}],"line":34},"15":{"loc":{"start":{"line":37,"column":4},"end":{"line":42,"column":null}},"type":"if","locations":[{"start":{"line":37,"column":4},"end":{"line":42,"column":null}},{"start":{},"end":{}}],"line":37},"16":{"loc":{"start":{"line":37,"column":8},"end":{"line":37,"column":76}},"type":"binary-expr","locations":[{"start":{"line":37,"column":8},"end":{"line":37,"column":35}},{"start":{"line":37,"column":35},"end":{"line":37,"column":48}},{"start":{"line":37,"column":48},"end":{"line":37,"column":76}}],"line":37},"17":{"loc":{"start":{"line":50,"column":34},"end":{"line":50,"column":45}},"type":"default-arg","locations":[{"start":{"line":50,"column":41},"end":{"line":50,"column":45}}],"line":50},"18":{"loc":{"start":{"line":50,"column":45},"end":{"line":50,"column":60}},"type":"default-arg","locations":[{"start":{"line":50,"column":56},"end":{"line":50,"column":60}}],"line":50},"19":{"loc":{"start":{"line":51,"column":21},"end":{"line":51,"column":null}},"type":"binary-expr","locations":[{"start":{"line":51,"column":21},"end":{"line":51,"column":38}},{"start":{"line":51,"column":38},"end":{"line":51,"column":59}},{"start":{"line":51,"column":59},"end":{"line":51,"column":null}}],"line":51},"20":{"loc":{"start":{"line":52,"column":23},"end":{"line":52,"column":null}},"type":"binary-expr","locations":[{"start":{"line":52,"column":23},"end":{"line":52,"column":38}},{"start":{"line":52,"column":38},"end":{"line":52,"column":57}},{"start":{"line":52,"column":57},"end":{"line":52,"column":80}},{"start":{"line":52,"column":80},"end":{"line":52,"column":null}}],"line":52},"21":{"loc":{"start":{"line":53,"column":20},"end":{"line":53,"column":null}},"type":"binary-expr","locations":[{"start":{"line":53,"column":20},"end":{"line":53,"column":47}},{"start":{"line":53,"column":47},"end":{"line":53,"column":null}}],"line":53},"22":{"loc":{"start":{"line":54,"column":17},"end":{"line":54,"column":null}},"type":"cond-expr","locations":[{"start":{"line":54,"column":27},"end":{"line":54,"column":53}},{"start":{"line":54,"column":53},"end":{"line":54,"column":null}}],"line":54},"23":{"loc":{"start":{"line":56,"column":20},"end":{"line":60,"column":null}},"type":"cond-expr","locations":[{"start":{"line":57,"column":10},"end":{"line":57,"column":null}},{"start":{"line":58,"column":10},"end":{"line":60,"column":null}}],"line":56},"24":{"loc":{"start":{"line":56,"column":20},"end":{"line":56,"column":null}},"type":"binary-expr","locations":[{"start":{"line":56,"column":20},"end":{"line":56,"column":31}},{"start":{"line":56,"column":31},"end":{"line":56,"column":null}}],"line":56},"25":{"loc":{"start":{"line":58,"column":10},"end":{"line":60,"column":null}},"type":"cond-expr","locations":[{"start":{"line":59,"column":14},"end":{"line":59,"column":null}},{"start":{"line":60,"column":14},"end":{"line":60,"column":null}}],"line":58},"26":{"loc":{"start":{"line":68,"column":16},"end":{"line":68,"column":null}},"type":"cond-expr","locations":[{"start":{"line":68,"column":26},"end":{"line":68,"column":35}},{"start":{"line":68,"column":35},"end":{"line":68,"column":null}}],"line":68},"27":{"loc":{"start":{"line":72,"column":35},"end":{"line":72,"column":46}},"type":"default-arg","locations":[{"start":{"line":72,"column":42},"end":{"line":72,"column":46}}],"line":72},"28":{"loc":{"start":{"line":72,"column":46},"end":{"line":72,"column":61}},"type":"default-arg","locations":[{"start":{"line":72,"column":57},"end":{"line":72,"column":61}}],"line":72},"29":{"loc":{"start":{"line":75,"column":4},"end":{"line":81,"column":null}},"type":"if","locations":[{"start":{"line":75,"column":4},"end":{"line":81,"column":null}},{"start":{},"end":{}}],"line":75},"30":{"loc":{"start":{"line":86,"column":21},"end":{"line":86,"column":null}},"type":"binary-expr","locations":[{"start":{"line":86,"column":21},"end":{"line":86,"column":44}},{"start":{"line":86,"column":44},"end":{"line":86,"column":null}}],"line":86},"31":{"loc":{"start":{"line":91,"column":38},"end":{"line":91,"column":49}},"type":"default-arg","locations":[{"start":{"line":91,"column":45},"end":{"line":91,"column":49}}],"line":91},"32":{"loc":{"start":{"line":91,"column":49},"end":{"line":91,"column":64}},"type":"default-arg","locations":[{"start":{"line":91,"column":60},"end":{"line":91,"column":64}}],"line":91},"33":{"loc":{"start":{"line":92,"column":21},"end":{"line":92,"column":null}},"type":"binary-expr","locations":[{"start":{"line":92,"column":21},"end":{"line":92,"column":38}},{"start":{"line":92,"column":38},"end":{"line":92,"column":59}},{"start":{"line":92,"column":59},"end":{"line":92,"column":null}}],"line":92},"34":{"loc":{"start":{"line":93,"column":23},"end":{"line":93,"column":null}},"type":"binary-expr","locations":[{"start":{"line":93,"column":23},"end":{"line":93,"column":42}},{"start":{"line":93,"column":42},"end":{"line":93,"column":57}},{"start":{"line":93,"column":57},"end":{"line":93,"column":null}}],"line":93},"35":{"loc":{"start":{"line":95,"column":4},"end":{"line":100,"column":null}},"type":"if","locations":[{"start":{"line":95,"column":4},"end":{"line":100,"column":null}},{"start":{},"end":{}}],"line":95},"36":{"loc":{"start":{"line":102,"column":24},"end":{"line":104,"column":null}},"type":"cond-expr","locations":[{"start":{"line":103,"column":10},"end":{"line":103,"column":null}},{"start":{"line":104,"column":10},"end":{"line":104,"column":null}}],"line":102},"37":{"loc":{"start":{"line":108,"column":40},"end":{"line":108,"column":58}},"type":"binary-expr","locations":[{"start":{"line":108,"column":40},"end":{"line":108,"column":55}},{"start":{"line":108,"column":55},"end":{"line":108,"column":58}}],"line":108},"38":{"loc":{"start":{"line":116,"column":18},"end":{"line":116,"column":null}},"type":"binary-expr","locations":[{"start":{"line":116,"column":18},"end":{"line":116,"column":35}},{"start":{"line":116,"column":35},"end":{"line":116,"column":null}}],"line":116},"39":{"loc":{"start":{"line":120,"column":35},"end":{"line":120,"column":53}},"type":"default-arg","locations":[{"start":{"line":120,"column":49},"end":{"line":120,"column":53}}],"line":120},"40":{"loc":{"start":{"line":120,"column":53},"end":{"line":120,"column":68}},"type":"default-arg","locations":[{"start":{"line":120,"column":64},"end":{"line":120,"column":68}}],"line":120},"41":{"loc":{"start":{"line":126,"column":18},"end":{"line":126,"column":32}},"type":"default-arg","locations":[{"start":{"line":126,"column":25},"end":{"line":126,"column":32}}],"line":126},"42":{"loc":{"start":{"line":132,"column":18},"end":{"line":132,"column":32}},"type":"default-arg","locations":[{"start":{"line":132,"column":25},"end":{"line":132,"column":32}}],"line":132},"43":{"loc":{"start":{"line":138,"column":18},"end":{"line":138,"column":32}},"type":"default-arg","locations":[{"start":{"line":138,"column":25},"end":{"line":138,"column":32}}],"line":138}},"s":{"0":3,"1":3,"2":0,"3":3,"4":1,"5":0,"6":1,"7":1,"8":2,"9":0,"10":2,"11":1,"12":0,"13":1,"14":0,"15":0,"16":0,"17":0,"18":0,"19":0,"20":0,"21":0,"22":1,"23":1,"24":1,"25":0,"26":1,"27":1,"28":1,"29":1,"30":1,"31":1,"32":1,"33":1,"34":1,"35":1,"36":0,"37":1,"38":1,"39":1,"40":1,"41":1,"42":0,"43":1,"44":1,"45":0,"46":1,"47":0,"48":0,"49":0},"f":{"0":3,"1":1,"2":2,"3":0,"4":0,"5":1,"6":1,"7":1,"8":1,"9":0,"10":1,"11":0,"12":0,"13":0},"b":{"0":[0,3],"1":[3,3],"2":[1],"3":[0,1],"4":[0,2],"5":[2,0],"6":[0,1],"7":[1,0],"8":[0],"9":[0,0],"10":[0,0],"11":[0,0],"12":[0,0],"13":[0,0],"14":[1,0],"15":[0,1],"16":[1,1,1],"17":[1],"18":[1],"19":[1,0,0],"20":[1,0,0,0],"21":[1,1],"22":[1,0],"23":[0,1],"24":[1,1],"25":[1,0],"26":[1,0],"27":[1],"28":[1],"29":[0,1],"30":[1,0],"31":[1],"32":[1],"33":[1,0,0],"34":[1,1,0],"35":[0,1],"36":[1,0],"37":[1,0],"38":[0,0],"39":[1],"40":[1],"41":[0],"42":[0],"43":[0]},"meta":{"lastBranch":44,"lastFunction":14,"lastStatement":50,"seen":{"f:1:9:1:22":0,"s:2:23:2:Infinity":0,"b:3:4:5:Infinity:undefined:undefined:undefined:undefined":0,"s:3:4:5:Infinity":1,"b:3:8:3:41:3:41:3:57":1,"s:4:8:4:Infinity":2,"s:6:4:6:Infinity":3,"f:9:9:9:30":1,"b:9:41:9:45":2,"b:10:4:10:Infinity:undefined:undefined:undefined:undefined":3,"s:10:4:10:Infinity":4,"s:10:40:10:Infinity":5,"s:12:23:12:Infinity":6,"s:13:18:16:Infinity":7,"f:13:33:13:39":2,"b:14:8:14:Infinity:undefined:undefined:undefined:undefined":4,"s:14:8:14:Infinity":8,"s:14:39:14:Infinity":9,"s:15:8:15:Infinity":10,"b:15:16:15:30:15:30:15:45":5,"b:18:4:18:Infinity:undefined:undefined:undefined:undefined":6,"s:18:4:18:Infinity":11,"s:18:35:18:Infinity":12,"s:19:4:19:Infinity":13,"b:19:11:19:26:19:26:19:Infinity":7,"f:22:9:22:26":3,"b:22:37:22:41":8,"b:23:4:23:Infinity:undefined:undefined:undefined:undefined":9,"s:23:4:23:Infinity":14,"s:23:30:23:Infinity":15,"b:24:4:24:Infinity:undefined:undefined:undefined:undefined":10,"s:24:4:24:Infinity":16,"s:24:23:24:Infinity":17,"b:25:4:25:Infinity:undefined:undefined:undefined:undefined":11,"s:25:4:25:Infinity":18,"s:25:40:25:Infinity":19,"s:27:4:30:Infinity":20,"f:28:9:28:14":4,"s:28:25:28:78":21,"b:28:53:28:61:28:61:28:78":12,"b:28:61:28:75:28:75:28:78":13,"f:33:9:33:21":5,"s:34:23:34:Infinity":22,"b:34:30:34:38:34:38:34:40":14,"s:35:18:35:Infinity":23,"b:37:4:42:Infinity:undefined:undefined:undefined:undefined":15,"s:37:4:42:Infinity":24,"b:37:8:37:35:37:35:37:48:37:48:37:76":16,"s:38:8:41:Infinity":25,"s:44:4:47:Infinity":26,"f:50:22:50:34":6,"b:50:41:50:45":17,"b:50:56:50:60":18,"s:51:21:51:Infinity":27,"b:51:21:51:38:51:38:51:59:51:59:51:Infinity":19,"s:52:23:52:Infinity":28,"b:52:23:52:38:52:38:52:57:52:57:52:80:52:80:52:Infinity":20,"s:53:20:53:Infinity":29,"b:53:20:53:47:53:47:53:Infinity":21,"s:54:17:54:Infinity":30,"b:54:27:54:53:54:53:54:Infinity":22,"s:56:20:60:Infinity":31,"b:57:10:57:Infinity:58:10:60:Infinity":23,"b:56:20:56:31:56:31:56:Infinity":24,"b:59:14:59:Infinity:60:14:60:Infinity":25,"s:61:19:61:Infinity":32,"s:63:4:69:Infinity":33,"b:68:26:68:35:68:35:68:Infinity":26,"f:72:22:72:35":7,"b:72:42:72:46":27,"b:72:57:72:61":28,"s:73:17:73:Infinity":34,"b:75:4:81:Infinity:undefined:undefined:undefined:undefined":29,"s:75:4:81:Infinity":35,"s:76:8:80:Infinity":36,"s:83:19:83:Infinity":37,"s:84:4:88:Infinity":38,"b:86:21:86:44:86:44:86:Infinity":30,"f:91:22:91:38":8,"b:91:45:91:49":31,"b:91:60:91:64":32,"s:92:21:92:Infinity":39,"b:92:21:92:38:92:38:92:59:92:59:92:Infinity":33,"s:93:23:93:Infinity":40,"b:93:23:93:42:93:42:93:57:93:57:93:Infinity":34,"b:95:4:100:Infinity:undefined:undefined:undefined:undefined":35,"s:95:4:100:Infinity":41,"s:96:8:99:Infinity":42,"s:102:24:104:Infinity":43,"b:103:10:103:Infinity:104:10:104:Infinity":36,"s:106:4:109:Infinity":44,"b:108:40:108:55:108:55:108:58":37,"f:112:9:112:25":9,"s:113:4:117:Infinity":45,"b:116:18:116:35:116:35:116:Infinity":38,"f:120:16:120:35":10,"b:120:49:120:53":39,"b:120:64:120:68":40,"s:121:4:140:Infinity":46,"f:126:12:126:18":11,"s:126:32:126:Infinity":47,"b:126:25:126:32":41,"f:132:12:132:18":12,"s:132:32:132:Infinity":48,"b:132:25:132:32":42,"f:138:12:138:18":13,"s:138:32:138:Infinity":49,"b:138:25:138:32":43}}}
}
